<?xml version="1.0" encoding="UTF-8"?>
<testsuite xmlns:xsi="http://www.w3.org/2001/XMLSchema-instance" xsi:noNamespaceSchemaLocation="https://maven.apache.org/surefire/maven-surefire-plugin/xsd/surefire-test-report.xsd" version="3.0.2" name="com.ecommerce.project.SbEcomApplicationTests" time="41.285" tests="1" errors="0" skipped="0" failures="0">
  <properties>
[...]
</properties>
  <testcase name="contextLoads" classname="com.ecommerce.project.SbEcomApplicationTests" time="0.969">
    <system-out><![CDATA[20:51:38.762 [main] INFO org.springframework.test.context.support.AnnotationConfigContextLoaderUtils -- Could not detect default configuration classes for test class [com.ecommerce.project.SbEcomApplicationTests]: SbEcomApplicationTests does not declare any static, non-private, non-final, nested classes annotated with @Configuration.
20:51:39.085 [main] INFO org.springframework.boot.test.context.SpringBootTestContextBootstrapper -- Found @SpringBootConfiguration com.ecommerce.project.SbEcomApplication for test class com.ecommerce.project.SbEcomApplicationTests

  .   ____          _            __ _ _
 /\\ / ___'_ __ _ _(_)_ __  __ _ \ \ \ \
( ( )\___ | '_ | '_| | '_ \/ _` | \ \ \ \
 \\/  ___)| |_)| | | | | || (_| |  ) ) ) )
  '  |____| .__|_| |_|_| |_\__, | / / / /
 =========|_|==============|___/=/_/_/_/

 :: Spring Boot ::                (v3.4.1)

2024-12-28T20:51:40.545+05:30  INFO 1728 --- [sb-ecom] [           main] c.e.project.SbEcomApplicationTests       : Starting SbEcomApplicationTests using Java 22.0.2 with PID 1728 (started by Rujul in C:\Users\Rujul\OneDrive - iitgoa.ac.in\Documents\Full Stack\sb-ecom\sb-ecom)
2024-12-28T20:51:40.547+05:30 DEBUG 1728 --- [sb-ecom] [           main] c.e.project.SbEcomApplicationTests       : Running with Spring Boot v3.4.1, Spring v6.2.1
2024-12-28T20:51:40.548+05:30  INFO 1728 --- [sb-ecom] [           main] c.e.project.SbEcomApplicationTests       : No active profile set, falling back to 1 default profile: "default"
2024-12-28T20:51:40.550+05:30 DEBUG 1728 --- [sb-ecom] [           main] o.s.boot.SpringApplication               : Loading source class com.ecommerce.project.SbEcomApplication
2024-12-28T20:51:40.621+05:30 DEBUG 1728 --- [sb-ecom] [           main] o.s.w.c.s.GenericWebApplicationContext   : Refreshing org.springframework.web.context.support.GenericWebApplicationContext@5dda14d0
2024-12-28T20:51:40.671+05:30 DEBUG 1728 --- [sb-ecom] [           main] o.s.b.f.s.DefaultListableBeanFactory     : Creating shared instance of singleton bean 'org.springframework.context.annotation.internalConfigurationAnnotationProcessor'
2024-12-28T20:51:40.709+05:30 DEBUG 1728 --- [sb-ecom] [           main] o.s.b.f.s.DefaultListableBeanFactory     : Creating shared instance of singleton bean 'org.springframework.boot.autoconfigure.internalCachingMetadataReaderFactory'
2024-12-28T20:51:40.828+05:30 DEBUG 1728 --- [sb-ecom] [           main] o.s.c.a.ClassPathBeanDefinitionScanner   : Identified candidate component class: file [C:\Users\Rujul\OneDrive - iitgoa.ac.in\Documents\Full Stack\sb-ecom\sb-ecom\target\classes\com\ecommerce\project\config\AppConfig.class]
2024-12-28T20:51:40.901+05:30 DEBUG 1728 --- [sb-ecom] [           main] o.s.c.a.ClassPathBeanDefinitionScanner   : Identified candidate component class: file [C:\Users\Rujul\OneDrive - iitgoa.ac.in\Documents\Full Stack\sb-ecom\sb-ecom\target\classes\com\ecommerce\project\controller\AddressController.class]
2024-12-28T20:51:40.914+05:30 DEBUG 1728 --- [sb-ecom] [           main] o.s.c.a.ClassPathBeanDefinitionScanner   : Identified candidate component class: file [C:\Users\Rujul\OneDrive - iitgoa.ac.in\Documents\Full Stack\sb-ecom\sb-ecom\target\classes\com\ecommerce\project\controller\AuthController.class]
2024-12-28T20:51:40.917+05:30 DEBUG 1728 --- [sb-ecom] [           main] o.s.c.a.ClassPathBeanDefinitionScanner   : Identified candidate component class: file [C:\Users\Rujul\OneDrive - iitgoa.ac.in\Documents\Full Stack\sb-ecom\sb-ecom\target\classes\com\ecommerce\project\controller\CartController.class]
2024-12-28T20:51:40.924+05:30 DEBUG 1728 --- [sb-ecom] [           main] o.s.c.a.ClassPathBeanDefinitionScanner   : Identified candidate component class: file [C:\Users\Rujul\OneDrive - iitgoa.ac.in\Documents\Full Stack\sb-ecom\sb-ecom\target\classes\com\ecommerce\project\controller\CategoryController.class]
2024-12-28T20:51:40.928+05:30 DEBUG 1728 --- [sb-ecom] [           main] o.s.c.a.ClassPathBeanDefinitionScanner   : Identified candidate component class: file [C:\Users\Rujul\OneDrive - iitgoa.ac.in\Documents\Full Stack\sb-ecom\sb-ecom\target\classes\com\ecommerce\project\controller\OrderController.class]
2024-12-28T20:51:40.930+05:30 DEBUG 1728 --- [sb-ecom] [           main] o.s.c.a.ClassPathBeanDefinitionScanner   : Identified candidate component class: file [C:\Users\Rujul\OneDrive - iitgoa.ac.in\Documents\Full Stack\sb-ecom\sb-ecom\target\classes\com\ecommerce\project\controller\ProductController.class]
2024-12-28T20:51:40.943+05:30 DEBUG 1728 --- [sb-ecom] [           main] o.s.c.a.ClassPathBeanDefinitionScanner   : Identified candidate component class: file [C:\Users\Rujul\OneDrive - iitgoa.ac.in\Documents\Full Stack\sb-ecom\sb-ecom\target\classes\com\ecommerce\project\exceptions\MyGlobalExceptionHandler.class]
2024-12-28T20:51:40.997+05:30 DEBUG 1728 --- [sb-ecom] [           main] o.s.c.a.ClassPathBeanDefinitionScanner   : Ignored because not a concrete top-level class: file [C:\Users\Rujul\OneDrive - iitgoa.ac.in\Documents\Full Stack\sb-ecom\sb-ecom\target\classes\com\ecommerce\project\repositories\OrderItemRepository.class]
2024-12-28T20:51:40.999+05:30 DEBUG 1728 --- [sb-ecom] [           main] o.s.c.a.ClassPathBeanDefinitionScanner   : Ignored because not a concrete top-level class: file [C:\Users\Rujul\OneDrive - iitgoa.ac.in\Documents\Full Stack\sb-ecom\sb-ecom\target\classes\com\ecommerce\project\repositories\OrderRepository.class]
2024-12-28T20:51:41.001+05:30 DEBUG 1728 --- [sb-ecom] [           main] o.s.c.a.ClassPathBeanDefinitionScanner   : Ignored because not a concrete top-level class: file [C:\Users\Rujul\OneDrive - iitgoa.ac.in\Documents\Full Stack\sb-ecom\sb-ecom\target\classes\com\ecommerce\project\repositories\PaymentRepository.class]
2024-12-28T20:51:41.003+05:30 DEBUG 1728 --- [sb-ecom] [           main] o.s.c.a.ClassPathBeanDefinitionScanner   : Ignored because not a concrete top-level class: file [C:\Users\Rujul\OneDrive - iitgoa.ac.in\Documents\Full Stack\sb-ecom\sb-ecom\target\classes\com\ecommerce\project\repositories\ProductRepository.class]
2024-12-28T20:51:41.006+05:30 DEBUG 1728 --- [sb-ecom] [           main] o.s.c.a.ClassPathBeanDefinitionScanner   : Ignored because not a concrete top-level class: file [C:\Users\Rujul\OneDrive - iitgoa.ac.in\Documents\Full Stack\sb-ecom\sb-ecom\target\classes\com\ecommerce\project\repositories\UserRepository.class]
2024-12-28T20:51:41.009+05:30 DEBUG 1728 --- [sb-ecom] [           main] o.s.c.a.ClassPathBeanDefinitionScanner   : Identified candidate component class: file [C:\Users\Rujul\OneDrive - iitgoa.ac.in\Documents\Full Stack\sb-ecom\sb-ecom\target\classes\com\ecommerce\project\security\jwt\AuthEntryPointJwt.class]
2024-12-28T20:51:41.010+05:30 DEBUG 1728 --- [sb-ecom] [           main] o.s.c.a.ClassPathBeanDefinitionScanner   : Identified candidate component class: file [C:\Users\Rujul\OneDrive - iitgoa.ac.in\Documents\Full Stack\sb-ecom\sb-ecom\target\classes\com\ecommerce\project\security\jwt\AuthTokenFilter.class]
2024-12-28T20:51:41.013+05:30 DEBUG 1728 --- [sb-ecom] [           main] o.s.c.a.ClassPathBeanDefinitionScanner   : Identified candidate component class: file [C:\Users\Rujul\OneDrive - iitgoa.ac.in\Documents\Full Stack\sb-ecom\sb-ecom\target\classes\com\ecommerce\project\security\jwt\JwtUtils.class]
2024-12-28T20:51:41.030+05:30 DEBUG 1728 --- [sb-ecom] [           main] o.s.c.a.ClassPathBeanDefinitionScanner   : Identified candidate component class: file [C:\Users\Rujul\OneDrive - iitgoa.ac.in\Documents\Full Stack\sb-ecom\sb-ecom\target\classes\com\ecommerce\project\security\services\UserDetailsServiceImpl.class]
2024-12-28T20:51:41.048+05:30 DEBUG 1728 --- [sb-ecom] [           main] o.s.c.a.ClassPathBeanDefinitionScanner   : Identified candidate component class: file [C:\Users\Rujul\OneDrive - iitgoa.ac.in\Documents\Full Stack\sb-ecom\sb-ecom\target\classes\com\ecommerce\project\security\WebSecurityConfig.class]
2024-12-28T20:51:41.052+05:30 DEBUG 1728 --- [sb-ecom] [           main] o.s.c.a.ClassPathBeanDefinitionScanner   : Identified candidate component class: file [C:\Users\Rujul\OneDrive - iitgoa.ac.in\Documents\Full Stack\sb-ecom\sb-ecom\target\classes\com\ecommerce\project\service\AddressServiceImpl.class]
2024-12-28T20:51:41.060+05:30 DEBUG 1728 --- [sb-ecom] [           main] o.s.c.a.ClassPathBeanDefinitionScanner   : Identified candidate component class: file [C:\Users\Rujul\OneDrive - iitgoa.ac.in\Documents\Full Stack\sb-ecom\sb-ecom\target\classes\com\ecommerce\project\service\CartServiceImpl.class]
2024-12-28T20:51:41.063+05:30 DEBUG 1728 --- [sb-ecom] [           main] o.s.c.a.ClassPathBeanDefinitionScanner   : Identified candidate component class: file [C:\Users\Rujul\OneDrive - iitgoa.ac.in\Documents\Full Stack\sb-ecom\sb-ecom\target\classes\com\ecommerce\project\service\CategoryServiceImpl.class]
2024-12-28T20:51:41.067+05:30 DEBUG 1728 --- [sb-ecom] [           main] o.s.c.a.ClassPathBeanDefinitionScanner   : Identified candidate component class: file [C:\Users\Rujul\OneDrive - iitgoa.ac.in\Documents\Full Stack\sb-ecom\sb-ecom\target\classes\com\ecommerce\project\service\FileServiceImpl.class]
2024-12-28T20:51:41.071+05:30 DEBUG 1728 --- [sb-ecom] [           main] o.s.c.a.ClassPathBeanDefinitionScanner   : Identified candidate component class: file [C:\Users\Rujul\OneDrive - iitgoa.ac.in\Documents\Full Stack\sb-ecom\sb-ecom\target\classes\com\ecommerce\project\service\OrderServiceImpl.class]
2024-12-28T20:51:41.075+05:30 DEBUG 1728 --- [sb-ecom] [           main] o.s.c.a.ClassPathBeanDefinitionScanner   : Identified candidate component class: file [C:\Users\Rujul\OneDrive - iitgoa.ac.in\Documents\Full Stack\sb-ecom\sb-ecom\target\classes\com\ecommerce\project\service\ProductServiceImpl.class]
2024-12-28T20:51:41.077+05:30 DEBUG 1728 --- [sb-ecom] [           main] o.s.c.a.ClassPathBeanDefinitionScanner   : Identified candidate component class: file [C:\Users\Rujul\OneDrive - iitgoa.ac.in\Documents\Full Stack\sb-ecom\sb-ecom\target\classes\com\ecommerce\project\util\AuthUtil.class]
2024-12-28T20:51:42.451+05:30  INFO 1728 --- [sb-ecom] [           main] .s.d.r.c.RepositoryConfigurationDelegate : Bootstrapping Spring Data JPA repositories in DEFAULT mode.
2024-12-28T20:51:42.470+05:30 DEBUG 1728 --- [sb-ecom] [           main] o.s.b.f.s.DefaultListableBeanFactory     : Creating shared instance of singleton bean 'org.springframework.boot.autoconfigure.AutoConfigurationPackages'
2024-12-28T20:51:42.491+05:30 DEBUG 1728 --- [sb-ecom] [           main] o.s.b.a.AutoConfigurationPackages        : @EnableAutoConfiguration was declared on a class in the package 'com.ecommerce.project'. Automatic @Repository and @Entity scanning is enabled.
2024-12-28T20:51:42.494+05:30 DEBUG 1728 --- [sb-ecom] [           main] .s.d.r.c.RepositoryConfigurationDelegate : Scanning for JPA repositories in packages com.ecommerce.project.
2024-12-28T20:51:42.533+05:30 DEBUG 1728 --- [sb-ecom] [           main] o.s.d.r.c.RepositoryComponentProvider    : Identified candidate component class: file [C:\Users\Rujul\OneDrive - iitgoa.ac.in\Documents\Full Stack\sb-ecom\sb-ecom\target\classes\com\ecommerce\project\repositories\AddressRepository.class]
2024-12-28T20:51:42.534+05:30 DEBUG 1728 --- [sb-ecom] [           main] o.s.d.r.c.RepositoryComponentProvider    : Identified candidate component class: file [C:\Users\Rujul\OneDrive - iitgoa.ac.in\Documents\Full Stack\sb-ecom\sb-ecom\target\classes\com\ecommerce\project\repositories\CartItemRepository.class]
2024-12-28T20:51:42.535+05:30 DEBUG 1728 --- [sb-ecom] [           main] o.s.d.r.c.RepositoryComponentProvider    : Identified candidate component class: file [C:\Users\Rujul\OneDrive - iitgoa.ac.in\Documents\Full Stack\sb-ecom\sb-ecom\target\classes\com\ecommerce\project\repositories\CartRepository.class]
2024-12-28T20:51:42.535+05:30 DEBUG 1728 --- [sb-ecom] [           main] o.s.d.r.c.RepositoryComponentProvider    : Identified candidate component class: file [C:\Users\Rujul\OneDrive - iitgoa.ac.in\Documents\Full Stack\sb-ecom\sb-ecom\target\classes\com\ecommerce\project\repositories\CategoryRepository.class]
2024-12-28T20:51:42.536+05:30 DEBUG 1728 --- [sb-ecom] [           main] o.s.d.r.c.RepositoryComponentProvider    : Identified candidate component class: file [C:\Users\Rujul\OneDrive - iitgoa.ac.in\Documents\Full Stack\sb-ecom\sb-ecom\target\classes\com\ecommerce\project\repositories\OrderItemRepository.class]
2024-12-28T20:51:42.537+05:30 DEBUG 1728 --- [sb-ecom] [           main] o.s.d.r.c.RepositoryComponentProvider    : Identified candidate component class: file [C:\Users\Rujul\OneDrive - iitgoa.ac.in\Documents\Full Stack\sb-ecom\sb-ecom\target\classes\com\ecommerce\project\repositories\OrderRepository.class]
2024-12-28T20:51:42.538+05:30 DEBUG 1728 --- [sb-ecom] [           main] o.s.d.r.c.RepositoryComponentProvider    : Identified candidate component class: file [C:\Users\Rujul\OneDrive - iitgoa.ac.in\Documents\Full Stack\sb-ecom\sb-ecom\target\classes\com\ecommerce\project\repositories\PaymentRepository.class]
2024-12-28T20:51:42.538+05:30 DEBUG 1728 --- [sb-ecom] [           main] o.s.d.r.c.RepositoryComponentProvider    : Identified candidate component class: file [C:\Users\Rujul\OneDrive - iitgoa.ac.in\Documents\Full Stack\sb-ecom\sb-ecom\target\classes\com\ecommerce\project\repositories\ProductRepository.class]
2024-12-28T20:51:42.539+05:30 DEBUG 1728 --- [sb-ecom] [           main] o.s.d.r.c.RepositoryComponentProvider    : Identified candidate component class: file [C:\Users\Rujul\OneDrive - iitgoa.ac.in\Documents\Full Stack\sb-ecom\sb-ecom\target\classes\com\ecommerce\project\repositories\RoleRepository.class]
2024-12-28T20:51:42.539+05:30 DEBUG 1728 --- [sb-ecom] [           main] o.s.d.r.c.RepositoryComponentProvider    : Identified candidate component class: file [C:\Users\Rujul\OneDrive - iitgoa.ac.in\Documents\Full Stack\sb-ecom\sb-ecom\target\classes\com\ecommerce\project\repositories\UserRepository.class]
2024-12-28T20:51:42.647+05:30 DEBUG 1728 --- [sb-ecom] [           main] ssPathScanningCandidateComponentProvider : Identified candidate component class: file [C:\Users\Rujul\OneDrive - iitgoa.ac.in\Documents\Full Stack\sb-ecom\sb-ecom\target\classes\com\ecommerce\project\security\services\UserDetailsImpl.class]
2024-12-28T20:51:42.648+05:30 DEBUG 1728 --- [sb-ecom] [           main] ssPathScanningCandidateComponentProvider : Identified candidate component class: file [C:\Users\Rujul\OneDrive - iitgoa.ac.in\Documents\Full Stack\sb-ecom\sb-ecom\target\classes\com\ecommerce\project\security\services\UserDetailsServiceImpl.class]
2024-12-28T20:51:42.648+05:30 DEBUG 1728 --- [sb-ecom] [           main] ssPathScanningCandidateComponentProvider : Identified candidate component class: file [C:\Users\Rujul\OneDrive - iitgoa.ac.in\Documents\Full Stack\sb-ecom\sb-ecom\target\classes\com\ecommerce\project\service\AddressServiceImpl.class]
2024-12-28T20:51:42.648+05:30 DEBUG 1728 --- [sb-ecom] [           main] ssPathScanningCandidateComponentProvider : Identified candidate component class: file [C:\Users\Rujul\OneDrive - iitgoa.ac.in\Documents\Full Stack\sb-ecom\sb-ecom\target\classes\com\ecommerce\project\service\CartServiceImpl.class]
2024-12-28T20:51:42.648+05:30 DEBUG 1728 --- [sb-ecom] [           main] ssPathScanningCandidateComponentProvider : Identified candidate component class: file [C:\Users\Rujul\OneDrive - iitgoa.ac.in\Documents\Full Stack\sb-ecom\sb-ecom\target\classes\com\ecommerce\project\service\CategoryServiceImpl.class]
2024-12-28T20:51:42.649+05:30 DEBUG 1728 --- [sb-ecom] [           main] ssPathScanningCandidateComponentProvider : Identified candidate component class: file [C:\Users\Rujul\OneDrive - iitgoa.ac.in\Documents\Full Stack\sb-ecom\sb-ecom\target\classes\com\ecommerce\project\service\FileServiceImpl.class]
2024-12-28T20:51:42.649+05:30 DEBUG 1728 --- [sb-ecom] [           main] ssPathScanningCandidateComponentProvider : Identified candidate component class: file [C:\Users\Rujul\OneDrive - iitgoa.ac.in\Documents\Full Stack\sb-ecom\sb-ecom\target\classes\com\ecommerce\project\service\OrderServiceImpl.class]
2024-12-28T20:51:42.649+05:30 DEBUG 1728 --- [sb-ecom] [           main] ssPathScanningCandidateComponentProvider : Identified candidate component class: file [C:\Users\Rujul\OneDrive - iitgoa.ac.in\Documents\Full Stack\sb-ecom\sb-ecom\target\classes\com\ecommerce\project\service\ProductServiceImpl.class]
2024-12-28T20:51:42.714+05:30  INFO 1728 --- [sb-ecom] [           main] .s.d.r.c.RepositoryConfigurationDelegate : Finished Spring Data repository scanning in 216 ms. Found 10 JPA repository interfaces.
2024-12-28T20:51:42.964+05:30 DEBUG 1728 --- [sb-ecom] [           main] o.s.b.f.s.DefaultListableBeanFactory     : Creating shared instance of singleton bean 'springSecurityHandlerMappingIntrospectorBeanDefinitionRegistryPostProcessor'
2024-12-28T20:51:43.203+05:30 DEBUG 1728 --- [sb-ecom] [           main] o.s.b.f.s.DefaultListableBeanFactory     : Creating shared instance of singleton bean 'propertySourcesPlaceholderConfigurer'
2024-12-28T20:51:43.216+05:30 DEBUG 1728 --- [sb-ecom] [           main] o.s.b.f.s.DefaultListableBeanFactory     : Creating shared instance of singleton bean 'org.springframework.boot.test.mock.mockito.MockitoPostProcessor'
2024-12-28T20:51:43.220+05:30 DEBUG 1728 --- [sb-ecom] [           main] o.s.b.f.s.DefaultListableBeanFactory     : Creating shared instance of singleton bean 'emBeanDefinitionRegistrarPostProcessor'
2024-12-28T20:51:43.220+05:30 DEBUG 1728 --- [sb-ecom] [           main] o.s.b.f.s.DefaultListableBeanFactory     : Creating shared instance of singleton bean 'org.springframework.boot.sql.init.dependency.DatabaseInitializationDependencyConfigurer$DependsOnDatabaseInitializationPostProcessor'
2024-12-28T20:51:43.350+05:30 DEBUG 1728 --- [sb-ecom] [           main] o.s.b.f.s.DefaultListableBeanFactory     : Creating shared instance of singleton bean 'org.springframework.context.event.internalEventListenerProcessor'
2024-12-28T20:51:43.355+05:30 DEBUG 1728 --- [sb-ecom] [           main] o.s.b.f.s.DefaultListableBeanFactory     : Creating shared instance of singleton bean 'conversionServicePostProcessor'
2024-12-28T20:51:43.372+05:30 DEBUG 1728 --- [sb-ecom] [           main] o.s.b.f.s.DefaultListableBeanFactory     : Creating shared instance of singleton bean 'preserveErrorControllerTargetClassPostProcessor'
2024-12-28T20:51:43.374+05:30 DEBUG 1728 --- [sb-ecom] [           main] o.s.b.f.s.DefaultListableBeanFactory     : Creating shared instance of singleton bean 'org.springframework.context.event.internalEventListenerFactory'
2024-12-28T20:51:43.375+05:30 DEBUG 1728 --- [sb-ecom] [           main] o.s.b.f.s.DefaultListableBeanFactory     : Creating shared instance of singleton bean 'org.springframework.transaction.config.internalTransactionalEventListenerFactory'
2024-12-28T20:51:43.382+05:30 DEBUG 1728 --- [sb-ecom] [           main] o.s.b.f.s.DefaultListableBeanFactory     : Creating shared instance of singleton bean 'org.springframework.boot.test.mock.mockito.MockitoPostProcessor$SpyPostProcessor'
2024-12-28T20:51:43.386+05:30 DEBUG 1728 --- [sb-ecom] [           main] o.s.b.f.s.DefaultListableBeanFactory     : Creating shared instance of singleton bean 'org.springframework.context.annotation.internalAutowiredAnnotationProcessor'
2024-12-28T20:51:43.391+05:30 DEBUG 1728 --- [sb-ecom] [           main] o.s.b.f.s.DefaultListableBeanFactory     : Creating shared instance of singleton bean 'org.springframework.context.annotation.internalCommonAnnotationProcessor'
2024-12-28T20:51:43.400+05:30 DEBUG 1728 --- [sb-ecom] [           main] o.s.b.f.s.DefaultListableBeanFactory     : Creating shared instance of singleton bean 'org.springframework.context.annotation.internalPersistenceAnnotationProcessor'
2024-12-28T20:51:43.401+05:30 DEBUG 1728 --- [sb-ecom] [           main] o.s.b.f.s.DefaultListableBeanFactory     : Creating shared instance of singleton bean 'org.springframework.boot.context.properties.ConfigurationPropertiesBindingPostProcessor'
2024-12-28T20:51:43.402+05:30 DEBUG 1728 --- [sb-ecom] [           main] o.s.b.f.s.DefaultListableBeanFactory     : Creating shared instance of singleton bean 'org.springframework.boot.context.internalConfigurationPropertiesBinder'
2024-12-28T20:51:43.407+05:30 DEBUG 1728 --- [sb-ecom] [           main] o.s.b.f.s.DefaultListableBeanFactory     : Creating shared instance of singleton bean 'jdbcConnectionDetailsHikariBeanPostProcessor'
2024-12-28T20:51:43.417+05:30 DEBUG 1728 --- [sb-ecom] [           main] o.s.b.f.s.DefaultListableBeanFactory     : Creating shared instance of singleton bean 'methodValidationPostProcessor'
2024-12-28T20:51:43.421+05:30 DEBUG 1728 --- [sb-ecom] [           main] o.s.b.f.s.DefaultListableBeanFactory     : Autowiring by type from bean name 'methodValidationPostProcessor' via factory method to bean named 'environment'
2024-12-28T20:51:43.465+05:30 DEBUG 1728 --- [sb-ecom] [           main] o.s.b.f.s.DefaultListableBeanFactory     : Creating shared instance of singleton bean 'org.springframework.boot.context.properties.EnableConfigurationPropertiesRegistrar.methodValidationExcludeFilter'
2024-12-28T20:51:43.508+05:30 DEBUG 1728 --- [sb-ecom] [           main] o.s.b.f.s.DefaultListableBeanFactory     : Creating shared instance of singleton bean 'org.springframework.aop.config.internalAutoProxyCreator'
2024-12-28T20:51:43.545+05:30 DEBUG 1728 --- [sb-ecom] [           main] o.s.b.f.s.DefaultListableBeanFactory     : Creating shared instance of singleton bean 'persistenceExceptionTranslationPostProcessor'
2024-12-28T20:51:43.545+05:30 DEBUG 1728 --- [sb-ecom] [           main] o.s.b.f.s.DefaultListableBeanFactory     : Autowiring by type from bean name 'persistenceExceptionTranslationPostProcessor' via factory method to bean named 'environment'
2024-12-28T20:51:43.549+05:30 DEBUG 1728 --- [sb-ecom] [           main] o.s.b.f.s.DefaultListableBeanFactory     : Creating shared instance of singleton bean 'webServerFactoryCustomizerBeanPostProcessor'
2024-12-28T20:51:43.551+05:30 DEBUG 1728 --- [sb-ecom] [           main] o.s.b.f.s.DefaultListableBeanFactory     : Creating shared instance of singleton bean 'errorPageRegistrarBeanPostProcessor'
2024-12-28T20:51:43.553+05:30 DEBUG 1728 --- [sb-ecom] [           main] o.s.b.f.s.DefaultListableBeanFactory     : Creating shared instance of singleton bean 'projectingArgumentResolverBeanPostProcessor'
2024-12-28T20:51:43.557+05:30 DEBUG 1728 --- [sb-ecom] [           main] o.s.b.f.s.DefaultListableBeanFactory     : Creating shared instance of singleton bean 'org.springframework.transaction.config.internalTransactionAdvisor'
2024-12-28T20:51:43.558+05:30 DEBUG 1728 --- [sb-ecom] [           main] o.s.b.f.s.DefaultListableBeanFactory     : Creating shared instance of singleton bean 'org.springframework.transaction.annotation.ProxyTransactionManagementConfiguration'
2024-12-28T20:51:43.585+05:30 DEBUG 1728 --- [sb-ecom] [           main] o.s.b.f.s.DefaultListableBeanFactory     : Creating shared instance of singleton bean 'transactionAttributeSource'
2024-12-28T20:51:43.589+05:30 DEBUG 1728 --- [sb-ecom] [           main] o.s.b.f.s.DefaultListableBeanFactory     : Creating shared instance of singleton bean 'transactionInterceptor'
2024-12-28T20:51:43.589+05:30 DEBUG 1728 --- [sb-ecom] [           main] o.s.b.f.s.DefaultListableBeanFactory     : Autowiring by type from bean name 'transactionInterceptor' via factory method to bean named 'transactionAttributeSource'
2024-12-28T20:51:43.603+05:30 DEBUG 1728 --- [sb-ecom] [           main] o.s.b.f.s.DefaultListableBeanFactory     : Autowiring by type from bean name 'org.springframework.transaction.config.internalTransactionAdvisor' via factory method to bean named 'transactionAttributeSource'
2024-12-28T20:51:43.604+05:30 DEBUG 1728 --- [sb-ecom] [           main] o.s.b.f.s.DefaultListableBeanFactory     : Autowiring by type from bean name 'org.springframework.transaction.config.internalTransactionAdvisor' via factory method to bean named 'transactionInterceptor'
2024-12-28T20:51:43.654+05:30 DEBUG 1728 --- [sb-ecom] [           main] o.s.u.c.s.UiApplicationContextUtils      : Unable to locate ThemeSource with name 'themeSource': using default [org.springframework.ui.context.support.ResourceBundleThemeSource@4f379769]
2024-12-28T20:51:43.657+05:30 DEBUG 1728 --- [sb-ecom] [           main] o.s.b.f.s.DefaultListableBeanFactory     : Creating shared instance of singleton bean 'org.springframework.test.context.support.internalDynamicPropertyRegistrarBeanInitializer'
2024-12-28T20:51:43.663+05:30 DEBUG 1728 --- [sb-ecom] [           main] o.s.b.f.s.DefaultListableBeanFactory     : Creating shared instance of singleton bean 'dataSourceScriptDatabaseInitializer'
2024-12-28T20:51:43.663+05:30 DEBUG 1728 --- [sb-ecom] [           main] o.s.b.f.s.DefaultListableBeanFactory     : Creating shared instance of singleton bean 'org.springframework.boot.autoconfigure.sql.init.DataSourceInitializationConfiguration'
2024-12-28T20:51:43.665+05:30 DEBUG 1728 --- [sb-ecom] [           main] o.s.b.f.s.DefaultListableBeanFactory     : Creating shared instance of singleton bean 'dataSource'
2024-12-28T20:51:43.665+05:30 DEBUG 1728 --- [sb-ecom] [           main] o.s.b.f.s.DefaultListableBeanFactory     : Creating shared instance of singleton bean 'org.springframework.boot.autoconfigure.jdbc.DataSourceConfiguration$Hikari'
2024-12-28T20:51:43.668+05:30 DEBUG 1728 --- [sb-ecom] [           main] o.s.b.f.s.DefaultListableBeanFactory     : Creating shared instance of singleton bean 'spring.datasource-org.springframework.boot.autoconfigure.jdbc.DataSourceProperties'
2024-12-28T20:51:43.671+05:30 DEBUG 1728 --- [sb-ecom] [           main] o.s.b.f.s.DefaultListableBeanFactory     : Creating shared instance of singleton bean 'org.springframework.boot.context.properties.BoundConfigurationProperties'
2024-12-28T20:51:43.709+05:30 DEBUG 1728 --- [sb-ecom] [           main] o.s.b.f.s.DefaultListableBeanFactory     : Creating shared instance of singleton bean 'jdbcConnectionDetails'
2024-12-28T20:51:43.710+05:30 DEBUG 1728 --- [sb-ecom] [           main] o.s.b.f.s.DefaultListableBeanFactory     : Creating shared instance of singleton bean 'org.springframework.boot.autoconfigure.jdbc.DataSourceAutoConfiguration$PooledDataSourceConfiguration'
2024-12-28T20:51:43.711+05:30 DEBUG 1728 --- [sb-ecom] [           main] o.s.b.f.s.DefaultListableBeanFactory     : Autowiring by type from bean name 'jdbcConnectionDetails' via factory method to bean named 'spring.datasource-org.springframework.boot.autoconfigure.jdbc.DataSourceProperties'
2024-12-28T20:51:43.714+05:30 DEBUG 1728 --- [sb-ecom] [           main] o.s.b.f.s.DefaultListableBeanFactory     : Autowiring by type from bean name 'dataSource' via factory method to bean named 'spring.datasource-org.springframework.boot.autoconfigure.jdbc.DataSourceProperties'
2024-12-28T20:51:43.714+05:30 DEBUG 1728 --- [sb-ecom] [           main] o.s.b.f.s.DefaultListableBeanFactory     : Autowiring by type from bean name 'dataSource' via factory method to bean named 'jdbcConnectionDetails'
2024-12-28T20:51:43.768+05:30 DEBUG 1728 --- [sb-ecom] [           main] o.s.b.f.s.DefaultListableBeanFactory     : Creating shared instance of singleton bean 'spring.sql.init-org.springframework.boot.autoconfigure.sql.init.SqlInitializationProperties'
2024-12-28T20:51:43.776+05:30 DEBUG 1728 --- [sb-ecom] [           main] o.s.b.f.s.DefaultListableBeanFactory     : Autowiring by type from bean name 'dataSourceScriptDatabaseInitializer' via factory method to bean named 'dataSource'
2024-12-28T20:51:43.777+05:30 DEBUG 1728 --- [sb-ecom] [           main] o.s.b.f.s.DefaultListableBeanFactory     : Autowiring by type from bean name 'dataSourceScriptDatabaseInitializer' via factory method to bean named 'spring.sql.init-org.springframework.boot.autoconfigure.sql.init.SqlInitializationProperties'
2024-12-28T20:51:43.789+05:30 DEBUG 1728 --- [sb-ecom] [           main] o.s.b.f.s.DefaultListableBeanFactory     : Creating shared instance of singleton bean 'entityManagerFactory'
2024-12-28T20:51:43.789+05:30 DEBUG 1728 --- [sb-ecom] [           main] o.s.b.f.s.DefaultListableBeanFactory     : Creating shared instance of singleton bean 'org.springframework.boot.autoconfigure.orm.jpa.HibernateJpaConfiguration'
2024-12-28T20:51:43.792+05:30 DEBUG 1728 --- [sb-ecom] [           main] o.s.b.f.s.DefaultListableBeanFactory     : Creating shared instance of singleton bean 'spring.jpa-org.springframework.boot.autoconfigure.orm.jpa.JpaProperties'
2024-12-28T20:51:43.802+05:30 DEBUG 1728 --- [sb-ecom] [           main] o.s.b.f.s.DefaultListableBeanFactory     : Creating shared instance of singleton bean 'spring.jpa.hibernate-org.springframework.boot.autoconfigure.orm.jpa.HibernateProperties'
2024-12-28T20:51:43.807+05:30 DEBUG 1728 --- [sb-ecom] [           main] o.s.b.f.s.DefaultListableBeanFactory     : Autowiring by type from bean name 'org.springframework.boot.autoconfigure.orm.jpa.HibernateJpaConfiguration' via constructor to bean named 'dataSource'
2024-12-28T20:51:43.807+05:30 DEBUG 1728 --- [sb-ecom] [           main] o.s.b.f.s.DefaultListableBeanFactory     : Autowiring by type from bean name 'org.springframework.boot.autoconfigure.orm.jpa.HibernateJpaConfiguration' via constructor to bean named 'spring.jpa-org.springframework.boot.autoconfigure.orm.jpa.JpaProperties'
2024-12-28T20:51:43.807+05:30 DEBUG 1728 --- [sb-ecom] [           main] o.s.b.f.s.DefaultListableBeanFactory     : Autowiring by type from bean name 'org.springframework.boot.autoconfigure.orm.jpa.HibernateJpaConfiguration' via constructor to bean named 'org.springframework.beans.factory.support.DefaultListableBeanFactory@6bff19ff'
2024-12-28T20:51:43.807+05:30 DEBUG 1728 --- [sb-ecom] [           main] o.s.b.f.s.DefaultListableBeanFactory     : Autowiring by type from bean name 'org.springframework.boot.autoconfigure.orm.jpa.HibernateJpaConfiguration' via constructor to bean named 'spring.jpa.hibernate-org.springframework.boot.autoconfigure.orm.jpa.HibernateProperties'
2024-12-28T20:51:43.814+05:30 DEBUG 1728 --- [sb-ecom] [           main] o.s.b.f.s.DefaultListableBeanFactory     : Creating shared instance of singleton bean 'hikariPoolDataSourceMetadataProvider'
2024-12-28T20:51:43.814+05:30 DEBUG 1728 --- [sb-ecom] [           main] o.s.b.f.s.DefaultListableBeanFactory     : Creating shared instance of singleton bean 'org.springframework.boot.autoconfigure.jdbc.metadata.DataSourcePoolMetadataProvidersConfiguration$HikariPoolDataSourceMetadataProviderConfiguration'
2024-12-28T20:51:43.824+05:30 DEBUG 1728 --- [sb-ecom] [           main] o.s.b.f.s.DefaultListableBeanFactory     : Creating shared instance of singleton bean 'entityManagerFactoryBuilder'
2024-12-28T20:51:43.825+05:30 DEBUG 1728 --- [sb-ecom] [           main] o.s.b.f.s.DefaultListableBeanFactory     : Creating shared instance of singleton bean 'jpaVendorAdapter'
2024-12-28T20:51:43.853+05:30 DEBUG 1728 --- [sb-ecom] [           main] o.s.b.f.s.DefaultListableBeanFactory     : Autowiring by type from bean name 'entityManagerFactoryBuilder' via factory method to bean named 'jpaVendorAdapter'
2024-12-28T20:51:43.874+05:30 DEBUG 1728 --- [sb-ecom] [           main] o.s.b.f.s.DefaultListableBeanFactory     : Creating shared instance of singleton bean 'persistenceManagedTypes'
2024-12-28T20:51:43.877+05:30 DEBUG 1728 --- [sb-ecom] [           main] o.s.b.f.s.DefaultListableBeanFactory     : Autowiring by type from bean name 'persistenceManagedTypes' via factory method to bean named 'org.springframework.beans.factory.support.DefaultListableBeanFactory@6bff19ff'
2024-12-28T20:51:43.878+05:30 DEBUG 1728 --- [sb-ecom] [           main] o.s.b.f.s.DefaultListableBeanFactory     : Autowiring by type from bean name 'persistenceManagedTypes' via factory method to bean named 'org.springframework.web.context.support.GenericWebApplicationContext@5dda14d0'
2024-12-28T20:51:43.909+05:30 DEBUG 1728 --- [sb-ecom] [           main] o.s.b.f.s.DefaultListableBeanFactory     : Autowiring by type from bean name 'entityManagerFactory' via factory method to bean named 'entityManagerFactoryBuilder'
2024-12-28T20:51:43.910+05:30 DEBUG 1728 --- [sb-ecom] [           main] o.s.b.f.s.DefaultListableBeanFactory     : Autowiring by type from bean name 'entityManagerFactory' via factory method to bean named 'persistenceManagedTypes'
2024-12-28T20:51:43.949+05:30 DEBUG 1728 --- [sb-ecom] [           main] j.LocalContainerEntityManagerFactoryBean : Building JPA container EntityManagerFactory for persistence unit 'default'
2024-12-28T20:51:44.000+05:30  INFO 1728 --- [sb-ecom] [           main] o.hibernate.jpa.internal.util.LogHelper  : HHH000204: Processing PersistenceUnitInfo [name: default]
2024-12-28T20:51:44.213+05:30  INFO 1728 --- [sb-ecom] [           main] org.hibernate.Version                    : HHH000412: Hibernate ORM core version 6.6.4.Final
2024-12-28T20:51:44.340+05:30  INFO 1728 --- [sb-ecom] [           main] o.h.c.internal.RegionFactoryInitiator    : HHH000026: Second-level cache disabled
2024-12-28T20:51:45.159+05:30  INFO 1728 --- [sb-ecom] [           main] o.s.o.j.p.SpringPersistenceUnitInfo      : No LoadTimeWeaver setup: ignoring JPA class transformer
2024-12-28T20:51:45.254+05:30  INFO 1728 --- [sb-ecom] [           main] com.zaxxer.hikari.HikariDataSource       : HikariPool-1 - Starting...
2024-12-28T20:51:48.370+05:30  INFO 1728 --- [sb-ecom] [           main] com.zaxxer.hikari.pool.HikariPool        : HikariPool-1 - Added connection org.postgresql.jdbc.PgConnection@284c4f02
2024-12-28T20:51:48.374+05:30  INFO 1728 --- [sb-ecom] [           main] com.zaxxer.hikari.HikariDataSource       : HikariPool-1 - Start completed.
2024-12-28T20:51:48.680+05:30  WARN 1728 --- [sb-ecom] [           main] org.hibernate.orm.deprecation            : HHH90000025: PostgreSQLDialect does not need to be specified explicitly using 'hibernate.dialect' (remove the property setting and it will be selected by default)
2024-12-28T20:51:49.300+05:30  INFO 1728 --- [sb-ecom] [           main] org.hibernate.orm.connections.pooling    : HHH10001005: Database info:
	Database JDBC URL [Connecting through datasource 'HikariDataSource (HikariPool-1)']
	Database driver: undefined/unknown
	Database version: 16.3
	Autocommit mode: undefined/unknown
	Isolation level: undefined/unknown
	Minimum pool size: undefined/unknown
	Maximum pool size: undefined/unknown
2024-12-28T20:51:52.786+05:30  INFO 1728 --- [sb-ecom] [           main] o.h.e.t.j.p.i.JtaPlatformInitiator       : HHH000489: No JTA platform available (set 'hibernate.transaction.jta.platform' to enable JTA platform integration)
2024-12-28T20:52:04.527+05:30  INFO 1728 --- [sb-ecom] [           main] j.LocalContainerEntityManagerFactoryBean : Initialized JPA EntityManagerFactory for persistence unit 'default'
2024-12-28T20:52:04.534+05:30 DEBUG 1728 --- [sb-ecom] [           main] o.s.b.f.s.DefaultListableBeanFactory     : Creating shared instance of singleton bean 'sbEcomApplication'
2024-12-28T20:52:04.538+05:30 DEBUG 1728 --- [sb-ecom] [           main] o.s.b.f.s.DefaultListableBeanFactory     : Creating shared instance of singleton bean 'appConfig'
2024-12-28T20:52:04.540+05:30 DEBUG 1728 --- [sb-ecom] [           main] o.s.b.f.s.DefaultListableBeanFactory     : Creating shared instance of singleton bean 'addressController'
2024-12-28T20:52:04.553+05:30 DEBUG 1728 --- [sb-ecom] [           main] o.s.b.f.s.DefaultListableBeanFactory     : Creating shared instance of singleton bean 'authUtil'
2024-12-28T20:52:04.554+05:30 DEBUG 1728 --- [sb-ecom] [           main] o.s.b.f.s.DefaultListableBeanFactory     : Creating shared instance of singleton bean 'userRepository'
2024-12-28T20:52:04.573+05:30 DEBUG 1728 --- [sb-ecom] [           main] o.s.b.f.s.DefaultListableBeanFactory     : Creating shared instance of singleton bean 'jpa.named-queries#9'
2024-12-28T20:52:04.581+05:30 DEBUG 1728 --- [sb-ecom] [           main] o.s.b.f.s.DefaultListableBeanFactory     : Creating shared instance of singleton bean 'jpa.UserRepository.fragments#0'
2024-12-28T20:52:04.595+05:30 DEBUG 1728 --- [sb-ecom] [           main] o.s.b.f.s.DefaultListableBeanFactory     : Creating shared instance of singleton bean 'jpaSharedEM_entityManagerFactory'
2024-12-28T20:52:04.653+05:30 DEBUG 1728 --- [sb-ecom] [           main] o.s.b.f.s.DefaultListableBeanFactory     : Creating shared instance of singleton bean 'jpaMappingContext'
2024-12-28T20:52:04.654+05:30 DEBUG 1728 --- [sb-ecom] [           main] .c.JpaMetamodelMappingContextFactoryBean : Initializing JpaMetamodelMappingContext…
2024-12-28T20:52:04.687+05:30 DEBUG 1728 --- [sb-ecom] [           main] .c.JpaMetamodelMappingContextFactoryBean : Finished initializing JpaMetamodelMappingContext
2024-12-28T20:52:04.767+05:30 DEBUG 1728 --- [sb-ecom] [           main] tor$SharedEntityManagerInvocationHandler : Creating new EntityManager for shared EntityManager invocation
2024-12-28T20:52:04.854+05:30 DEBUG 1728 --- [sb-ecom] [           main] tor$SharedEntityManagerInvocationHandler : Creating new EntityManager for shared EntityManager invocation
2024-12-28T20:52:05.026+05:30 DEBUG 1728 --- [sb-ecom] [           main] o.s.d.r.c.s.RepositoryFactorySupport     : Initializing repository instance for com.ecommerce.project.repositories.UserRepository…
2024-12-28T20:52:05.055+05:30 DEBUG 1728 --- [sb-ecom] [           main] tor$SharedEntityManagerInvocationHandler : Creating new EntityManager for shared EntityManager invocation
2024-12-28T20:52:05.145+05:30 DEBUG 1728 --- [sb-ecom] [           main] o.s.d.jpa.repository.query.NamedQuery    : Looking up named query 'User.existsByUserName'
2024-12-28T20:52:05.152+05:30 DEBUG 1728 --- [sb-ecom] [           main] o.s.d.jpa.repository.query.NamedQuery    : Did not find named query User.existsByUserName
2024-12-28T20:52:05.159+05:30 DEBUG 1728 --- [sb-ecom] [           main] tor$SharedEntityManagerInvocationHandler : Creating new EntityManager for shared EntityManager invocation
2024-12-28T20:52:05.301+05:30 DEBUG 1728 --- [sb-ecom] [           main] o.s.d.jpa.repository.query.NamedQuery    : Looking up named query 'User.existsByEmail'
2024-12-28T20:52:05.302+05:30 DEBUG 1728 --- [sb-ecom] [           main] o.s.d.jpa.repository.query.NamedQuery    : Did not find named query User.existsByEmail
2024-12-28T20:52:05.302+05:30 DEBUG 1728 --- [sb-ecom] [           main] tor$SharedEntityManagerInvocationHandler : Creating new EntityManager for shared EntityManager invocation
2024-12-28T20:52:05.305+05:30 DEBUG 1728 --- [sb-ecom] [           main] o.s.d.jpa.repository.query.NamedQuery    : Looking up named query 'User.findByUserName'
2024-12-28T20:52:05.306+05:30 DEBUG 1728 --- [sb-ecom] [           main] o.s.d.jpa.repository.query.NamedQuery    : Did not find named query User.findByUserName
2024-12-28T20:52:05.306+05:30 DEBUG 1728 --- [sb-ecom] [           main] tor$SharedEntityManagerInvocationHandler : Creating new EntityManager for shared EntityManager invocation
2024-12-28T20:52:05.316+05:30 DEBUG 1728 --- [sb-ecom] [           main] o.s.d.r.c.s.RepositoryFactorySupport     : Finished creation of repository instance for com.ecommerce.project.repositories.UserRepository.
2024-12-28T20:52:05.329+05:30 DEBUG 1728 --- [sb-ecom] [           main] o.s.b.f.s.DefaultListableBeanFactory     : Creating shared instance of singleton bean 'addressServiceImpl'
2024-12-28T20:52:05.331+05:30 DEBUG 1728 --- [sb-ecom] [           main] o.s.b.f.s.DefaultListableBeanFactory     : Creating shared instance of singleton bean 'modelMapper'
2024-12-28T20:52:05.385+05:30 DEBUG 1728 --- [sb-ecom] [           main] o.s.b.f.s.DefaultListableBeanFactory     : Creating shared instance of singleton bean 'addressRepository'
2024-12-28T20:52:05.389+05:30 DEBUG 1728 --- [sb-ecom] [           main] o.s.b.f.s.DefaultListableBeanFactory     : Creating shared instance of singleton bean 'jpa.named-queries#3'
2024-12-28T20:52:05.391+05:30 DEBUG 1728 --- [sb-ecom] [           main] o.s.b.f.s.DefaultListableBeanFactory     : Creating shared instance of singleton bean 'jpa.AddressRepository.fragments#0'
2024-12-28T20:52:05.394+05:30 DEBUG 1728 --- [sb-ecom] [           main] tor$SharedEntityManagerInvocationHandler : Creating new EntityManager for shared EntityManager invocation
2024-12-28T20:52:05.395+05:30 DEBUG 1728 --- [sb-ecom] [           main] o.s.d.r.c.s.RepositoryFactorySupport     : Initializing repository instance for com.ecommerce.project.repositories.AddressRepository…
2024-12-28T20:52:05.396+05:30 DEBUG 1728 --- [sb-ecom] [           main] tor$SharedEntityManagerInvocationHandler : Creating new EntityManager for shared EntityManager invocation
2024-12-28T20:52:05.404+05:30 DEBUG 1728 --- [sb-ecom] [           main] o.s.d.r.c.s.RepositoryFactorySupport     : Finished creation of repository instance for com.ecommerce.project.repositories.AddressRepository.
2024-12-28T20:52:05.409+05:30 DEBUG 1728 --- [sb-ecom] [           main] o.s.b.f.s.DefaultListableBeanFactory     : Creating shared instance of singleton bean 'authController'
2024-12-28T20:52:05.412+05:30 DEBUG 1728 --- [sb-ecom] [           main] o.s.b.f.s.DefaultListableBeanFactory     : Creating shared instance of singleton bean 'jwtUtils'
2024-12-28T20:52:05.418+05:30 DEBUG 1728 --- [sb-ecom] [           main] ySourcesPropertyResolver$DefaultResolver : Found key 'spring.app.jwtSecret' in PropertySource 'Config resource 'class path resource [application.properties]' via location 'optional:classpath:/'' with value of type String
2024-12-28T20:52:05.419+05:30 DEBUG 1728 --- [sb-ecom] [           main] o.s.c.e.PropertySourcesPropertyResolver  : Found key 'spring.app.jwtSecret' in PropertySource 'environmentProperties' with value of type String
2024-12-28T20:52:05.421+05:30 DEBUG 1728 --- [sb-ecom] [           main] ySourcesPropertyResolver$DefaultResolver : Found key 'spring.app.jwtExpirationMs' in PropertySource 'Config resource 'class path resource [application.properties]' via location 'optional:classpath:/'' with value of type String
2024-12-28T20:52:05.421+05:30 DEBUG 1728 --- [sb-ecom] [           main] o.s.c.e.PropertySourcesPropertyResolver  : Found key 'spring.app.jwtExpirationMs' in PropertySource 'environmentProperties' with value of type String
2024-12-28T20:52:05.424+05:30 DEBUG 1728 --- [sb-ecom] [           main] ySourcesPropertyResolver$DefaultResolver : Found key 'spring.ecom.app.jwtCookieName' in PropertySource 'Config resource 'class path resource [application.properties]' via location 'optional:classpath:/'' with value of type String
2024-12-28T20:52:05.424+05:30 DEBUG 1728 --- [sb-ecom] [           main] o.s.c.e.PropertySourcesPropertyResolver  : Found key 'spring.ecom.app.jwtCookieName' in PropertySource 'environmentProperties' with value of type String
2024-12-28T20:52:05.426+05:30 DEBUG 1728 --- [sb-ecom] [           main] o.s.b.f.s.DefaultListableBeanFactory     : Creating shared instance of singleton bean 'authenticationManager'
2024-12-28T20:52:05.426+05:30 DEBUG 1728 --- [sb-ecom] [           main] o.s.b.f.s.DefaultListableBeanFactory     : Creating shared instance of singleton bean 'webSecurityConfig'
2024-12-28T20:52:05.429+05:30 DEBUG 1728 --- [sb-ecom] [           main] o.s.b.f.s.DefaultListableBeanFactory     : Creating shared instance of singleton bean 'userDetailsServiceImpl'
2024-12-28T20:52:05.488+05:30 DEBUG 1728 --- [sb-ecom] [           main] o.s.b.f.s.DefaultListableBeanFactory     : Creating shared instance of singleton bean 'authEntryPointJwt'
2024-12-28T20:52:05.492+05:30 DEBUG 1728 --- [sb-ecom] [           main] o.s.b.f.s.DefaultListableBeanFactory     : Creating shared instance of singleton bean 'org.springframework.security.config.annotation.authentication.configuration.AuthenticationConfiguration'
2024-12-28T20:52:05.498+05:30 DEBUG 1728 --- [sb-ecom] [           main] o.s.b.f.s.DefaultListableBeanFactory     : Creating shared instance of singleton bean 'enableGlobalAuthenticationAutowiredConfigurer'
2024-12-28T20:52:05.500+05:30 DEBUG 1728 --- [sb-ecom] [           main] o.s.b.f.s.DefaultListableBeanFactory     : Autowiring by type from bean name 'enableGlobalAuthenticationAutowiredConfigurer' via factory method to bean named 'org.springframework.web.context.support.GenericWebApplicationContext@5dda14d0'
2024-12-28T20:52:05.502+05:30 DEBUG 1728 --- [sb-ecom] [           main] o.s.b.f.s.DefaultListableBeanFactory     : Creating shared instance of singleton bean 'initializeUserDetailsBeanManagerConfigurer'
2024-12-28T20:52:05.503+05:30 DEBUG 1728 --- [sb-ecom] [           main] o.s.b.f.s.DefaultListableBeanFactory     : Autowiring by type from bean name 'initializeUserDetailsBeanManagerConfigurer' via factory method to bean named 'org.springframework.web.context.support.GenericWebApplicationContext@5dda14d0'
2024-12-28T20:52:05.506+05:30 DEBUG 1728 --- [sb-ecom] [           main] o.s.b.f.s.DefaultListableBeanFactory     : Creating shared instance of singleton bean 'initializeAuthenticationProviderBeanManagerConfigurer'
2024-12-28T20:52:05.507+05:30 DEBUG 1728 --- [sb-ecom] [           main] o.s.b.f.s.DefaultListableBeanFactory     : Autowiring by type from bean name 'initializeAuthenticationProviderBeanManagerConfigurer' via factory method to bean named 'org.springframework.web.context.support.GenericWebApplicationContext@5dda14d0'
2024-12-28T20:52:05.510+05:30 DEBUG 1728 --- [sb-ecom] [           main] o.s.b.f.s.DefaultListableBeanFactory     : Creating shared instance of singleton bean 'objectPostProcessor'
2024-12-28T20:52:05.510+05:30 DEBUG 1728 --- [sb-ecom] [           main] o.s.b.f.s.DefaultListableBeanFactory     : Creating shared instance of singleton bean 'org.springframework.security.config.annotation.configuration.ObjectPostProcessorConfiguration'
2024-12-28T20:52:05.513+05:30 DEBUG 1728 --- [sb-ecom] [           main] o.s.b.f.s.DefaultListableBeanFactory     : Autowiring by type from bean name 'objectPostProcessor' via factory method to bean named 'org.springframework.beans.factory.support.DefaultListableBeanFactory@6bff19ff'
2024-12-28T20:52:05.517+05:30 DEBUG 1728 --- [sb-ecom] [           main] o.s.b.f.s.DefaultListableBeanFactory     : Autowiring by type from bean name 'authenticationManager' via factory method to bean named 'org.springframework.security.config.annotation.authentication.configuration.AuthenticationConfiguration'
2024-12-28T20:52:05.519+05:30 DEBUG 1728 --- [sb-ecom] [           main] o.s.b.f.s.DefaultListableBeanFactory     : Creating shared instance of singleton bean 'authenticationManagerBuilder'
2024-12-28T20:52:05.520+05:30 DEBUG 1728 --- [sb-ecom] [           main] o.s.b.f.s.DefaultListableBeanFactory     : Autowiring by type from bean name 'authenticationManagerBuilder' via factory method to bean named 'objectPostProcessor'
2024-12-28T20:52:05.521+05:30 DEBUG 1728 --- [sb-ecom] [           main] o.s.b.f.s.DefaultListableBeanFactory     : Autowiring by type from bean name 'authenticationManagerBuilder' via factory method to bean named 'org.springframework.web.context.support.GenericWebApplicationContext@5dda14d0'
2024-12-28T20:52:05.522+05:30 DEBUG 1728 --- [sb-ecom] [           main] o.s.b.f.s.DefaultListableBeanFactory     : Creating shared instance of singleton bean 'authenticationEventPublisher'
2024-12-28T20:52:05.523+05:30 DEBUG 1728 --- [sb-ecom] [           main] o.s.b.f.s.DefaultListableBeanFactory     : Creating shared instance of singleton bean 'org.springframework.boot.autoconfigure.security.servlet.SecurityAutoConfiguration'
2024-12-28T20:52:05.525+05:30 DEBUG 1728 --- [sb-ecom] [           main] o.s.b.f.s.DefaultListableBeanFactory     : Autowiring by type from bean name 'authenticationEventPublisher' via factory method to bean named 'org.springframework.web.context.support.GenericWebApplicationContext@5dda14d0'
2024-12-28T20:52:05.555+05:30 DEBUG 1728 --- [sb-ecom] [           main] o.s.b.f.s.DefaultListableBeanFactory     : Creating shared instance of singleton bean 'authenticationProvider'
2024-12-28T20:52:05.587+05:30 DEBUG 1728 --- [sb-ecom] [           main] o.s.b.f.s.DefaultListableBeanFactory     : Creating shared instance of singleton bean 'passwordEncoder'
2024-12-28T20:52:05.595+05:30  INFO 1728 --- [sb-ecom] [           main] eAuthenticationProviderManagerConfigurer : Global AuthenticationManager configured with AuthenticationProvider bean with name authenticationProvider
2024-12-28T20:52:05.597+05:30  WARN 1728 --- [sb-ecom] [           main] r$InitializeUserDetailsManagerConfigurer : Global AuthenticationManager configured with an AuthenticationProvider bean. UserDetailsService beans will not be used by Spring Security for automatically configuring username/password login. Consider removing the AuthenticationProvider bean. Alternatively, consider using the UserDetailsService in a manually instantiated DaoAuthenticationProvider. If the current configuration is intentional, to turn off this warning, increase the logging level of 'org.springframework.security.config.annotation.authentication.configuration.InitializeUserDetailsBeanManagerConfigurer' to ERROR
2024-12-28T20:52:05.601+05:30 DEBUG 1728 --- [sb-ecom] [           main] o.s.b.f.s.DefaultListableBeanFactory     : Creating shared instance of singleton bean 'roleRepository'
2024-12-28T20:52:05.603+05:30 DEBUG 1728 --- [sb-ecom] [           main] o.s.b.f.s.DefaultListableBeanFactory     : Creating shared instance of singleton bean 'jpa.named-queries#0'
2024-12-28T20:52:05.605+05:30 DEBUG 1728 --- [sb-ecom] [           main] o.s.b.f.s.DefaultListableBeanFactory     : Creating shared instance of singleton bean 'jpa.RoleRepository.fragments#0'
2024-12-28T20:52:05.607+05:30 DEBUG 1728 --- [sb-ecom] [           main] tor$SharedEntityManagerInvocationHandler : Creating new EntityManager for shared EntityManager invocation
2024-12-28T20:52:05.608+05:30 DEBUG 1728 --- [sb-ecom] [           main] o.s.d.r.c.s.RepositoryFactorySupport     : Initializing repository instance for com.ecommerce.project.repositories.RoleRepository…
2024-12-28T20:52:05.609+05:30 DEBUG 1728 --- [sb-ecom] [           main] tor$SharedEntityManagerInvocationHandler : Creating new EntityManager for shared EntityManager invocation
2024-12-28T20:52:05.613+05:30 DEBUG 1728 --- [sb-ecom] [           main] o.s.d.jpa.repository.query.NamedQuery    : Looking up named query 'Role.findByRoleName'
2024-12-28T20:52:05.613+05:30 DEBUG 1728 --- [sb-ecom] [           main] o.s.d.jpa.repository.query.NamedQuery    : Did not find named query Role.findByRoleName
2024-12-28T20:52:05.613+05:30 DEBUG 1728 --- [sb-ecom] [           main] tor$SharedEntityManagerInvocationHandler : Creating new EntityManager for shared EntityManager invocation
2024-12-28T20:52:05.620+05:30 DEBUG 1728 --- [sb-ecom] [           main] o.s.d.r.c.s.RepositoryFactorySupport     : Finished creation of repository instance for com.ecommerce.project.repositories.RoleRepository.
2024-12-28T20:52:05.623+05:30 DEBUG 1728 --- [sb-ecom] [           main] o.s.b.f.s.DefaultListableBeanFactory     : Creating shared instance of singleton bean 'cartController'
2024-12-28T20:52:05.625+05:30 DEBUG 1728 --- [sb-ecom] [           main] o.s.b.f.s.DefaultListableBeanFactory     : Creating shared instance of singleton bean 'cartRepository'
2024-12-28T20:52:05.627+05:30 DEBUG 1728 --- [sb-ecom] [           main] o.s.b.f.s.DefaultListableBeanFactory     : Creating shared instance of singleton bean 'jpa.named-queries#4'
2024-12-28T20:52:05.630+05:30 DEBUG 1728 --- [sb-ecom] [           main] o.s.b.f.s.DefaultListableBeanFactory     : Creating shared instance of singleton bean 'jpa.CartRepository.fragments#0'
2024-12-28T20:52:05.632+05:30 DEBUG 1728 --- [sb-ecom] [           main] tor$SharedEntityManagerInvocationHandler : Creating new EntityManager for shared EntityManager invocation
2024-12-28T20:52:05.632+05:30 DEBUG 1728 --- [sb-ecom] [           main] o.s.d.r.c.s.RepositoryFactorySupport     : Initializing repository instance for com.ecommerce.project.repositories.CartRepository…
2024-12-28T20:52:05.634+05:30 DEBUG 1728 --- [sb-ecom] [           main] tor$SharedEntityManagerInvocationHandler : Creating new EntityManager for shared EntityManager invocation
2024-12-28T20:52:05.643+05:30 DEBUG 1728 --- [sb-ecom] [           main] o.s.d.jpa.repository.query.NamedQuery    : Did not find named query Cart.findCartByEmailAndCartId.count
2024-12-28T20:52:05.644+05:30 DEBUG 1728 --- [sb-ecom] [           main] tor$SharedEntityManagerInvocationHandler : Creating new EntityManager for shared EntityManager invocation
2024-12-28T20:52:05.668+05:30  INFO 1728 --- [sb-ecom] [           main] o.s.d.j.r.query.QueryEnhancerFactory     : Hibernate is in classpath; If applicable, HQL parser will be used.
2024-12-28T20:52:06.970+05:30 DEBUG 1728 --- [sb-ecom] [           main] o.s.d.jpa.repository.query.NamedQuery    : Did not find named query Cart.findCartsByProductId.count
2024-12-28T20:52:06.971+05:30 DEBUG 1728 --- [sb-ecom] [           main] tor$SharedEntityManagerInvocationHandler : Creating new EntityManager for shared EntityManager invocation
2024-12-28T20:52:07.022+05:30 DEBUG 1728 --- [sb-ecom] [           main] o.s.d.jpa.repository.query.NamedQuery    : Did not find named query Cart.findCartByEmail.count
2024-12-28T20:52:07.023+05:30 DEBUG 1728 --- [sb-ecom] [           main] tor$SharedEntityManagerInvocationHandler : Creating new EntityManager for shared EntityManager invocation
2024-12-28T20:52:07.031+05:30 DEBUG 1728 --- [sb-ecom] [           main] o.s.d.r.c.s.RepositoryFactorySupport     : Finished creation of repository instance for com.ecommerce.project.repositories.CartRepository.
2024-12-28T20:52:07.035+05:30 DEBUG 1728 --- [sb-ecom] [           main] o.s.b.f.s.DefaultListableBeanFactory     : Creating shared instance of singleton bean 'cartServiceImpl'
2024-12-28T20:52:07.044+05:30 DEBUG 1728 --- [sb-ecom] [           main] o.s.b.f.s.DefaultListableBeanFactory     : Creating shared instance of singleton bean 'productRepository'
2024-12-28T20:52:07.046+05:30 DEBUG 1728 --- [sb-ecom] [           main] o.s.b.f.s.DefaultListableBeanFactory     : Creating shared instance of singleton bean 'jpa.named-queries#5'
2024-12-28T20:52:07.048+05:30 DEBUG 1728 --- [sb-ecom] [           main] o.s.b.f.s.DefaultListableBeanFactory     : Creating shared instance of singleton bean 'jpa.ProductRepository.fragments#0'
2024-12-28T20:52:07.049+05:30 DEBUG 1728 --- [sb-ecom] [           main] tor$SharedEntityManagerInvocationHandler : Creating new EntityManager for shared EntityManager invocation
2024-12-28T20:52:07.050+05:30 DEBUG 1728 --- [sb-ecom] [           main] o.s.d.r.c.s.RepositoryFactorySupport     : Initializing repository instance for com.ecommerce.project.repositories.ProductRepository…
2024-12-28T20:52:07.051+05:30 DEBUG 1728 --- [sb-ecom] [           main] tor$SharedEntityManagerInvocationHandler : Creating new EntityManager for shared EntityManager invocation
2024-12-28T20:52:07.058+05:30 DEBUG 1728 --- [sb-ecom] [           main] o.s.d.jpa.repository.query.NamedQuery    : Looking up named query 'Product.findByCategoryOrderByPriceAsc'
2024-12-28T20:52:07.060+05:30 DEBUG 1728 --- [sb-ecom] [           main] o.s.d.jpa.repository.query.NamedQuery    : Did not find named query Product.findByCategoryOrderByPriceAsc
2024-12-28T20:52:07.061+05:30 DEBUG 1728 --- [sb-ecom] [           main] tor$SharedEntityManagerInvocationHandler : Creating new EntityManager for shared EntityManager invocation
2024-12-28T20:52:07.069+05:30 DEBUG 1728 --- [sb-ecom] [           main] o.s.d.jpa.repository.query.NamedQuery    : Looking up named query 'Product.findByProductNameLikeIgnoreCase'
2024-12-28T20:52:07.070+05:30 DEBUG 1728 --- [sb-ecom] [           main] o.s.d.jpa.repository.query.NamedQuery    : Did not find named query Product.findByProductNameLikeIgnoreCase
2024-12-28T20:52:07.070+05:30 DEBUG 1728 --- [sb-ecom] [           main] tor$SharedEntityManagerInvocationHandler : Creating new EntityManager for shared EntityManager invocation
2024-12-28T20:52:07.077+05:30 DEBUG 1728 --- [sb-ecom] [           main] o.s.d.r.c.s.RepositoryFactorySupport     : Finished creation of repository instance for com.ecommerce.project.repositories.ProductRepository.
2024-12-28T20:52:07.079+05:30 DEBUG 1728 --- [sb-ecom] [           main] o.s.b.f.s.DefaultListableBeanFactory     : Creating shared instance of singleton bean 'cartItemRepository'
2024-12-28T20:52:07.081+05:30 DEBUG 1728 --- [sb-ecom] [           main] o.s.b.f.s.DefaultListableBeanFactory     : Creating shared instance of singleton bean 'jpa.named-queries#6'
2024-12-28T20:52:07.084+05:30 DEBUG 1728 --- [sb-ecom] [           main] o.s.b.f.s.DefaultListableBeanFactory     : Creating shared instance of singleton bean 'jpa.CartItemRepository.fragments#0'
2024-12-28T20:52:07.087+05:30 DEBUG 1728 --- [sb-ecom] [           main] tor$SharedEntityManagerInvocationHandler : Creating new EntityManager for shared EntityManager invocation
2024-12-28T20:52:07.088+05:30 DEBUG 1728 --- [sb-ecom] [           main] o.s.d.r.c.s.RepositoryFactorySupport     : Initializing repository instance for com.ecommerce.project.repositories.CartItemRepository…
2024-12-28T20:52:07.088+05:30 DEBUG 1728 --- [sb-ecom] [           main] tor$SharedEntityManagerInvocationHandler : Creating new EntityManager for shared EntityManager invocation
2024-12-28T20:52:07.094+05:30 DEBUG 1728 --- [sb-ecom] [           main] o.s.d.jpa.repository.query.NamedQuery    : Did not find named query CartItem.findCartItemByProductIdAndCartId.count
2024-12-28T20:52:07.095+05:30 DEBUG 1728 --- [sb-ecom] [           main] tor$SharedEntityManagerInvocationHandler : Creating new EntityManager for shared EntityManager invocation
2024-12-28T20:52:07.116+05:30 DEBUG 1728 --- [sb-ecom] [           main] o.s.d.jpa.repository.query.NamedQuery    : Did not find named query CartItem.deleteCartItemByProductIdAndCartId.count
2024-12-28T20:52:07.117+05:30 DEBUG 1728 --- [sb-ecom] [           main] tor$SharedEntityManagerInvocationHandler : Creating new EntityManager for shared EntityManager invocation
2024-12-28T20:52:07.136+05:30 DEBUG 1728 --- [sb-ecom] [           main] o.s.d.r.c.s.RepositoryFactorySupport     : Finished creation of repository instance for com.ecommerce.project.repositories.CartItemRepository.
2024-12-28T20:52:07.172+05:30 DEBUG 1728 --- [sb-ecom] [           main] o.s.b.f.s.DefaultListableBeanFactory     : Creating shared instance of singleton bean 'categoryController'
2024-12-28T20:52:07.176+05:30 DEBUG 1728 --- [sb-ecom] [           main] o.s.b.f.s.DefaultListableBeanFactory     : Creating shared instance of singleton bean 'categoryServiceImpl'
2024-12-28T20:52:07.179+05:30 DEBUG 1728 --- [sb-ecom] [           main] o.s.b.f.s.DefaultListableBeanFactory     : Creating shared instance of singleton bean 'categoryRepository'
2024-12-28T20:52:07.182+05:30 DEBUG 1728 --- [sb-ecom] [           main] o.s.b.f.s.DefaultListableBeanFactory     : Creating shared instance of singleton bean 'jpa.named-queries#8'
2024-12-28T20:52:07.184+05:30 DEBUG 1728 --- [sb-ecom] [           main] o.s.b.f.s.DefaultListableBeanFactory     : Creating shared instance of singleton bean 'jpa.CategoryRepository.fragments#0'
2024-12-28T20:52:07.186+05:30 DEBUG 1728 --- [sb-ecom] [           main] tor$SharedEntityManagerInvocationHandler : Creating new EntityManager for shared EntityManager invocation
2024-12-28T20:52:07.187+05:30 DEBUG 1728 --- [sb-ecom] [           main] o.s.d.r.c.s.RepositoryFactorySupport     : Initializing repository instance for com.ecommerce.project.repositories.CategoryRepository…
2024-12-28T20:52:07.187+05:30 DEBUG 1728 --- [sb-ecom] [           main] tor$SharedEntityManagerInvocationHandler : Creating new EntityManager for shared EntityManager invocation
2024-12-28T20:52:07.191+05:30 DEBUG 1728 --- [sb-ecom] [           main] o.s.d.jpa.repository.query.NamedQuery    : Looking up named query 'Category.findByCategoryName'
2024-12-28T20:52:07.191+05:30 DEBUG 1728 --- [sb-ecom] [           main] o.s.d.jpa.repository.query.NamedQuery    : Did not find named query Category.findByCategoryName
2024-12-28T20:52:07.191+05:30 DEBUG 1728 --- [sb-ecom] [           main] tor$SharedEntityManagerInvocationHandler : Creating new EntityManager for shared EntityManager invocation
2024-12-28T20:52:07.199+05:30 DEBUG 1728 --- [sb-ecom] [           main] o.s.d.r.c.s.RepositoryFactorySupport     : Finished creation of repository instance for com.ecommerce.project.repositories.CategoryRepository.
2024-12-28T20:52:07.201+05:30 DEBUG 1728 --- [sb-ecom] [           main] o.s.b.f.s.DefaultListableBeanFactory     : Creating shared instance of singleton bean 'orderController'
2024-12-28T20:52:07.204+05:30 DEBUG 1728 --- [sb-ecom] [           main] o.s.b.f.s.DefaultListableBeanFactory     : Creating shared instance of singleton bean 'orderServiceImpl'
2024-12-28T20:52:07.207+05:30 DEBUG 1728 --- [sb-ecom] [           main] o.s.b.f.s.DefaultListableBeanFactory     : Creating shared instance of singleton bean 'orderItemRepository'
2024-12-28T20:52:07.209+05:30 DEBUG 1728 --- [sb-ecom] [           main] o.s.b.f.s.DefaultListableBeanFactory     : Creating shared instance of singleton bean 'jpa.named-queries#1'
2024-12-28T20:52:07.212+05:30 DEBUG 1728 --- [sb-ecom] [           main] o.s.b.f.s.DefaultListableBeanFactory     : Creating shared instance of singleton bean 'jpa.OrderItemRepository.fragments#0'
2024-12-28T20:52:07.214+05:30 DEBUG 1728 --- [sb-ecom] [           main] tor$SharedEntityManagerInvocationHandler : Creating new EntityManager for shared EntityManager invocation
2024-12-28T20:52:07.234+05:30 DEBUG 1728 --- [sb-ecom] [           main] o.s.d.r.c.s.RepositoryFactorySupport     : Initializing repository instance for com.ecommerce.project.repositories.OrderItemRepository…
2024-12-28T20:52:07.236+05:30 DEBUG 1728 --- [sb-ecom] [           main] tor$SharedEntityManagerInvocationHandler : Creating new EntityManager for shared EntityManager invocation
2024-12-28T20:52:07.247+05:30 DEBUG 1728 --- [sb-ecom] [           main] o.s.d.r.c.s.RepositoryFactorySupport     : Finished creation of repository instance for com.ecommerce.project.repositories.OrderItemRepository.
2024-12-28T20:52:07.248+05:30 DEBUG 1728 --- [sb-ecom] [           main] o.s.b.f.s.DefaultListableBeanFactory     : Creating shared instance of singleton bean 'orderRepository'
2024-12-28T20:52:07.250+05:30 DEBUG 1728 --- [sb-ecom] [           main] o.s.b.f.s.DefaultListableBeanFactory     : Creating shared instance of singleton bean 'jpa.named-queries#2'
2024-12-28T20:52:07.252+05:30 DEBUG 1728 --- [sb-ecom] [           main] o.s.b.f.s.DefaultListableBeanFactory     : Creating shared instance of singleton bean 'jpa.OrderRepository.fragments#0'
2024-12-28T20:52:07.253+05:30 DEBUG 1728 --- [sb-ecom] [           main] tor$SharedEntityManagerInvocationHandler : Creating new EntityManager for shared EntityManager invocation
2024-12-28T20:52:07.253+05:30 DEBUG 1728 --- [sb-ecom] [           main] o.s.d.r.c.s.RepositoryFactorySupport     : Initializing repository instance for com.ecommerce.project.repositories.OrderRepository…
2024-12-28T20:52:07.254+05:30 DEBUG 1728 --- [sb-ecom] [           main] tor$SharedEntityManagerInvocationHandler : Creating new EntityManager for shared EntityManager invocation
2024-12-28T20:52:07.261+05:30 DEBUG 1728 --- [sb-ecom] [           main] o.s.d.r.c.s.RepositoryFactorySupport     : Finished creation of repository instance for com.ecommerce.project.repositories.OrderRepository.
2024-12-28T20:52:07.263+05:30 DEBUG 1728 --- [sb-ecom] [           main] o.s.b.f.s.DefaultListableBeanFactory     : Creating shared instance of singleton bean 'paymentRepository'
2024-12-28T20:52:07.265+05:30 DEBUG 1728 --- [sb-ecom] [           main] o.s.b.f.s.DefaultListableBeanFactory     : Creating shared instance of singleton bean 'jpa.named-queries#7'
2024-12-28T20:52:07.267+05:30 DEBUG 1728 --- [sb-ecom] [           main] o.s.b.f.s.DefaultListableBeanFactory     : Creating shared instance of singleton bean 'jpa.PaymentRepository.fragments#0'
2024-12-28T20:52:07.268+05:30 DEBUG 1728 --- [sb-ecom] [           main] tor$SharedEntityManagerInvocationHandler : Creating new EntityManager for shared EntityManager invocation
2024-12-28T20:52:07.269+05:30 DEBUG 1728 --- [sb-ecom] [           main] o.s.d.r.c.s.RepositoryFactorySupport     : Initializing repository instance for com.ecommerce.project.repositories.PaymentRepository…
2024-12-28T20:52:07.270+05:30 DEBUG 1728 --- [sb-ecom] [           main] tor$SharedEntityManagerInvocationHandler : Creating new EntityManager for shared EntityManager invocation
2024-12-28T20:52:07.277+05:30 DEBUG 1728 --- [sb-ecom] [           main] o.s.d.r.c.s.RepositoryFactorySupport     : Finished creation of repository instance for com.ecommerce.project.repositories.PaymentRepository.
2024-12-28T20:52:07.295+05:30 DEBUG 1728 --- [sb-ecom] [           main] o.s.b.f.s.DefaultListableBeanFactory     : Creating shared instance of singleton bean 'productController'
2024-12-28T20:52:07.298+05:30 DEBUG 1728 --- [sb-ecom] [           main] o.s.b.f.s.DefaultListableBeanFactory     : Creating shared instance of singleton bean 'productServiceImpl'
2024-12-28T20:52:07.302+05:30 DEBUG 1728 --- [sb-ecom] [           main] o.s.b.f.s.DefaultListableBeanFactory     : Creating shared instance of singleton bean 'fileServiceImpl'
2024-12-28T20:52:07.306+05:30 DEBUG 1728 --- [sb-ecom] [           main] o.s.c.e.PropertySourcesPropertyResolver  : Found key 'project.image' in PropertySource 'environmentProperties' with value of type String
2024-12-28T20:52:07.310+05:30 DEBUG 1728 --- [sb-ecom] [           main] o.s.b.f.s.DefaultListableBeanFactory     : Creating shared instance of singleton bean 'myGlobalExceptionHandler'
2024-12-28T20:52:07.315+05:30 DEBUG 1728 --- [sb-ecom] [           main] o.s.b.f.s.DefaultListableBeanFactory     : Creating shared instance of singleton bean 'authTokenFilter'
2024-12-28T20:52:07.318+05:30 DEBUG 1728 --- [sb-ecom] [           main] o.s.b.f.s.DefaultListableBeanFactory     : Creating shared instance of singleton bean 'org.springframework.security.config.annotation.web.configuration.WebSecurityConfiguration'
2024-12-28T20:52:07.322+05:30 DEBUG 1728 --- [sb-ecom] [           main] o.s.b.f.s.DefaultListableBeanFactory     : Creating shared instance of singleton bean 'org.springframework.security.config.annotation.web.configuration.HttpSecurityConfiguration'
2024-12-28T20:52:07.332+05:30 DEBUG 1728 --- [sb-ecom] [           main] o.s.b.f.s.DefaultListableBeanFactory     : Creating shared instance of singleton bean 'mvcContentNegotiationManager'
2024-12-28T20:52:07.333+05:30 DEBUG 1728 --- [sb-ecom] [           main] o.s.b.f.s.DefaultListableBeanFactory     : Creating shared instance of singleton bean 'org.springframework.boot.autoconfigure.web.servlet.WebMvcAutoConfiguration$EnableWebMvcConfiguration'
2024-12-28T20:52:07.335+05:30 DEBUG 1728 --- [sb-ecom] [           main] o.s.b.f.s.DefaultListableBeanFactory     : Creating shared instance of singleton bean 'spring.mvc-org.springframework.boot.autoconfigure.web.servlet.WebMvcProperties'
2024-12-28T20:52:07.344+05:30 DEBUG 1728 --- [sb-ecom] [           main] o.s.b.f.s.DefaultListableBeanFactory     : Creating shared instance of singleton bean 'spring.web-org.springframework.boot.autoconfigure.web.WebProperties'
2024-12-28T20:52:07.351+05:30 DEBUG 1728 --- [sb-ecom] [           main] o.s.b.f.s.DefaultListableBeanFactory     : Autowiring by type from bean name 'org.springframework.boot.autoconfigure.web.servlet.WebMvcAutoConfiguration$EnableWebMvcConfiguration' via constructor to bean named 'spring.mvc-org.springframework.boot.autoconfigure.web.servlet.WebMvcProperties'
2024-12-28T20:52:07.351+05:30 DEBUG 1728 --- [sb-ecom] [           main] o.s.b.f.s.DefaultListableBeanFactory     : Autowiring by type from bean name 'org.springframework.boot.autoconfigure.web.servlet.WebMvcAutoConfiguration$EnableWebMvcConfiguration' via constructor to bean named 'spring.web-org.springframework.boot.autoconfigure.web.WebProperties'
2024-12-28T20:52:07.351+05:30 DEBUG 1728 --- [sb-ecom] [           main] o.s.b.f.s.DefaultListableBeanFactory     : Autowiring by type from bean name 'org.springframework.boot.autoconfigure.web.servlet.WebMvcAutoConfiguration$EnableWebMvcConfiguration' via constructor to bean named 'org.springframework.beans.factory.support.DefaultListableBeanFactory@6bff19ff'
2024-12-28T20:52:07.363+05:30 DEBUG 1728 --- [sb-ecom] [           main] o.s.b.f.s.DefaultListableBeanFactory     : Creating shared instance of singleton bean 'org.springframework.security.config.annotation.web.configuration.WebMvcSecurityConfiguration'
2024-12-28T20:52:07.365+05:30 DEBUG 1728 --- [sb-ecom] [           main] o.s.b.f.s.DefaultListableBeanFactory     : Creating shared instance of singleton bean 'org.springframework.boot.autoconfigure.web.servlet.WebMvcAutoConfiguration$WebMvcAutoConfigurationAdapter'
2024-12-28T20:52:07.366+05:30 DEBUG 1728 --- [sb-ecom] [           main] o.s.b.f.s.DefaultListableBeanFactory     : Autowiring by type from bean name 'org.springframework.boot.autoconfigure.web.servlet.WebMvcAutoConfiguration$WebMvcAutoConfigurationAdapter' via constructor to bean named 'spring.web-org.springframework.boot.autoconfigure.web.WebProperties'
2024-12-28T20:52:07.367+05:30 DEBUG 1728 --- [sb-ecom] [           main] o.s.b.f.s.DefaultListableBeanFactory     : Autowiring by type from bean name 'org.springframework.boot.autoconfigure.web.servlet.WebMvcAutoConfiguration$WebMvcAutoConfigurationAdapter' via constructor to bean named 'spring.mvc-org.springframework.boot.autoconfigure.web.servlet.WebMvcProperties'
2024-12-28T20:52:07.367+05:30 DEBUG 1728 --- [sb-ecom] [           main] o.s.b.f.s.DefaultListableBeanFactory     : Autowiring by type from bean name 'org.springframework.boot.autoconfigure.web.servlet.WebMvcAutoConfiguration$WebMvcAutoConfigurationAdapter' via constructor to bean named 'org.springframework.beans.factory.support.DefaultListableBeanFactory@6bff19ff'
2024-12-28T20:52:07.372+05:30 DEBUG 1728 --- [sb-ecom] [           main] o.s.b.f.s.DefaultListableBeanFactory     : Creating shared instance of singleton bean 'openEntityManagerInViewInterceptorConfigurer'
2024-12-28T20:52:07.372+05:30 DEBUG 1728 --- [sb-ecom] [           main] o.s.b.f.s.DefaultListableBeanFactory     : Creating shared instance of singleton bean 'org.springframework.boot.autoconfigure.orm.jpa.JpaBaseConfiguration$JpaWebConfiguration'
2024-12-28T20:52:07.372+05:30 DEBUG 1728 --- [sb-ecom] [           main] o.s.b.f.s.DefaultListableBeanFactory     : Autowiring by type from bean name 'org.springframework.boot.autoconfigure.orm.jpa.JpaBaseConfiguration$JpaWebConfiguration' via constructor to bean named 'spring.jpa-org.springframework.boot.autoconfigure.orm.jpa.JpaProperties'
2024-12-28T20:52:07.374+05:30 DEBUG 1728 --- [sb-ecom] [           main] o.s.b.f.s.DefaultListableBeanFactory     : Creating shared instance of singleton bean 'openEntityManagerInViewInterceptor'
2024-12-28T20:52:07.375+05:30  WARN 1728 --- [sb-ecom] [           main] JpaBaseConfiguration$JpaWebConfiguration : spring.jpa.open-in-view is enabled by default. Therefore, database queries may be performed during view rendering. Explicitly configure spring.jpa.open-in-view to disable this warning
2024-12-28T20:52:07.381+05:30 DEBUG 1728 --- [sb-ecom] [           main] o.s.b.f.s.DefaultListableBeanFactory     : Autowiring by type from bean name 'openEntityManagerInViewInterceptorConfigurer' via factory method to bean named 'openEntityManagerInViewInterceptor'
2024-12-28T20:52:07.384+05:30 DEBUG 1728 --- [sb-ecom] [           main] o.s.b.f.s.DefaultListableBeanFactory     : Creating shared instance of singleton bean 'org.springframework.data.web.config.SpringDataWebConfiguration'
2024-12-28T20:52:07.386+05:30 DEBUG 1728 --- [sb-ecom] [           main] o.s.b.f.s.DefaultListableBeanFactory     : Autowiring by type from bean name 'org.springframework.data.web.config.SpringDataWebConfiguration' via constructor to bean named 'org.springframework.web.context.support.GenericWebApplicationContext@5dda14d0'
2024-12-28T20:52:07.572+05:30 DEBUG 1728 --- [sb-ecom] [           main] o.s.b.f.s.DefaultListableBeanFactory     : Creating shared instance of singleton bean 'filterChainDecoratorPostProcessor'
2024-12-28T20:52:07.578+05:30 DEBUG 1728 --- [sb-ecom] [           main] o.s.b.f.s.DefaultListableBeanFactory     : Creating shared instance of singleton bean 'mvcHandlerMappingIntrospectorRequestTransformer'
2024-12-28T20:52:07.579+05:30 DEBUG 1728 --- [sb-ecom] [           main] o.s.b.f.s.DefaultListableBeanFactory     : Creating shared instance of singleton bean 'mvcHandlerMappingIntrospector'
2024-12-28T20:52:07.590+05:30 DEBUG 1728 --- [sb-ecom] [           main] o.s.b.f.s.DefaultListableBeanFactory     : Creating shared instance of singleton bean 'welcomePageHandlerMapping'
2024-12-28T20:52:07.590+05:30 DEBUG 1728 --- [sb-ecom] [           main] o.s.b.f.s.DefaultListableBeanFactory     : Creating shared instance of singleton bean 'mvcConversionService'
2024-12-28T20:52:07.612+05:30 DEBUG 1728 --- [sb-ecom] [           main] o.s.b.f.s.DefaultListableBeanFactory     : Creating shared instance of singleton bean 'mvcResourceUrlProvider'
2024-12-28T20:52:07.617+05:30 DEBUG 1728 --- [sb-ecom] [           main] o.s.b.f.s.DefaultListableBeanFactory     : Autowiring by type from bean name 'welcomePageHandlerMapping' via factory method to bean named 'org.springframework.web.context.support.GenericWebApplicationContext@5dda14d0'
2024-12-28T20:52:07.617+05:30 DEBUG 1728 --- [sb-ecom] [           main] o.s.b.f.s.DefaultListableBeanFactory     : Autowiring by type from bean name 'welcomePageHandlerMapping' via factory method to bean named 'mvcConversionService'
2024-12-28T20:52:07.617+05:30 DEBUG 1728 --- [sb-ecom] [           main] o.s.b.f.s.DefaultListableBeanFactory     : Autowiring by type from bean name 'welcomePageHandlerMapping' via factory method to bean named 'mvcResourceUrlProvider'
2024-12-28T20:52:07.653+05:30 DEBUG 1728 --- [sb-ecom] [           main] o.s.b.f.s.DefaultListableBeanFactory     : Creating shared instance of singleton bean 'welcomePageNotAcceptableHandlerMapping'
2024-12-28T20:52:07.654+05:30 DEBUG 1728 --- [sb-ecom] [           main] o.s.b.f.s.DefaultListableBeanFactory     : Autowiring by type from bean name 'welcomePageNotAcceptableHandlerMapping' via factory method to bean named 'org.springframework.web.context.support.GenericWebApplicationContext@5dda14d0'
2024-12-28T20:52:07.654+05:30 DEBUG 1728 --- [sb-ecom] [           main] o.s.b.f.s.DefaultListableBeanFactory     : Autowiring by type from bean name 'welcomePageNotAcceptableHandlerMapping' via factory method to bean named 'mvcConversionService'
2024-12-28T20:52:07.654+05:30 DEBUG 1728 --- [sb-ecom] [           main] o.s.b.f.s.DefaultListableBeanFactory     : Autowiring by type from bean name 'welcomePageNotAcceptableHandlerMapping' via factory method to bean named 'mvcResourceUrlProvider'
2024-12-28T20:52:07.664+05:30 DEBUG 1728 --- [sb-ecom] [           main] o.s.b.f.s.DefaultListableBeanFactory     : Creating shared instance of singleton bean 'requestMappingHandlerMapping'
2024-12-28T20:52:07.667+05:30 DEBUG 1728 --- [sb-ecom] [           main] o.s.b.f.s.DefaultListableBeanFactory     : Autowiring by type from bean name 'requestMappingHandlerMapping' via factory method to bean named 'mvcContentNegotiationManager'
2024-12-28T20:52:07.667+05:30 DEBUG 1728 --- [sb-ecom] [           main] o.s.b.f.s.DefaultListableBeanFactory     : Autowiring by type from bean name 'requestMappingHandlerMapping' via factory method to bean named 'mvcConversionService'
2024-12-28T20:52:07.667+05:30 DEBUG 1728 --- [sb-ecom] [           main] o.s.b.f.s.DefaultListableBeanFactory     : Autowiring by type from bean name 'requestMappingHandlerMapping' via factory method to bean named 'mvcResourceUrlProvider'
2024-12-28T20:52:07.829+05:30 DEBUG 1728 --- [sb-ecom] [           main] s.w.s.m.m.a.RequestMappingHandlerMapping : 30 mappings in 'requestMappingHandlerMapping'
2024-12-28T20:52:07.834+05:30 DEBUG 1728 --- [sb-ecom] [           main] o.s.b.f.s.DefaultListableBeanFactory     : Creating shared instance of singleton bean 'viewControllerHandlerMapping'
2024-12-28T20:52:07.836+05:30 DEBUG 1728 --- [sb-ecom] [           main] o.s.b.f.s.DefaultListableBeanFactory     : Autowiring by type from bean name 'viewControllerHandlerMapping' via factory method to bean named 'mvcConversionService'
2024-12-28T20:52:07.836+05:30 DEBUG 1728 --- [sb-ecom] [           main] o.s.b.f.s.DefaultListableBeanFactory     : Autowiring by type from bean name 'viewControllerHandlerMapping' via factory method to bean named 'mvcResourceUrlProvider'
2024-12-28T20:52:07.837+05:30 DEBUG 1728 --- [sb-ecom] [           main] o.s.b.f.s.DefaultListableBeanFactory     : Creating shared instance of singleton bean 'beanNameHandlerMapping'
2024-12-28T20:52:07.839+05:30 DEBUG 1728 --- [sb-ecom] [           main] o.s.b.f.s.DefaultListableBeanFactory     : Autowiring by type from bean name 'beanNameHandlerMapping' via factory method to bean named 'mvcConversionService'
2024-12-28T20:52:07.839+05:30 DEBUG 1728 --- [sb-ecom] [           main] o.s.b.f.s.DefaultListableBeanFactory     : Autowiring by type from bean name 'beanNameHandlerMapping' via factory method to bean named 'mvcResourceUrlProvider'
2024-12-28T20:52:07.846+05:30 DEBUG 1728 --- [sb-ecom] [           main] o.s.b.f.s.DefaultListableBeanFactory     : Creating shared instance of singleton bean 'routerFunctionMapping'
2024-12-28T20:52:07.847+05:30 DEBUG 1728 --- [sb-ecom] [           main] o.s.b.f.s.DefaultListableBeanFactory     : Autowiring by type from bean name 'routerFunctionMapping' via factory method to bean named 'mvcConversionService'
2024-12-28T20:52:07.847+05:30 DEBUG 1728 --- [sb-ecom] [           main] o.s.b.f.s.DefaultListableBeanFactory     : Autowiring by type from bean name 'routerFunctionMapping' via factory method to bean named 'mvcResourceUrlProvider'
2024-12-28T20:52:07.850+05:30 DEBUG 1728 --- [sb-ecom] [           main] o.s.b.f.s.DefaultListableBeanFactory     : Creating shared instance of singleton bean 'messageConverters'
2024-12-28T20:52:07.850+05:30 DEBUG 1728 --- [sb-ecom] [           main] o.s.b.f.s.DefaultListableBeanFactory     : Creating shared instance of singleton bean 'org.springframework.boot.autoconfigure.http.HttpMessageConvertersAutoConfiguration'
2024-12-28T20:52:07.858+05:30 DEBUG 1728 --- [sb-ecom] [           main] o.s.b.f.s.DefaultListableBeanFactory     : Creating shared instance of singleton bean 'stringHttpMessageConverter'
[...]
2024-12-28T20:52:11.611+05:30 DEBUG 1728 --- [sb-ecom] [           main] tor$SharedEntityManagerInvocationHandler : Creating new EntityManager for shared EntityManager invocation
2024-12-28T20:52:11.614+05:30 DEBUG 1728 --- [sb-ecom] [           main] org.hibernate.SQL                        : select u1_0.user_id,u1_0.email,u1_0.password,u1_0.username from users u1_0 where u1_0.username=?
2024-12-28T20:52:11.880+05:30 DEBUG 1728 --- [sb-ecom] [           main] org.hibernate.SQL                        : select c1_0.cart_id,c1_0.total_price,u1_0.user_id,u1_0.email,u1_0.password,r1_0.user_id,r1_1.role_id,r1_1.role_name,u1_0.username from carts c1_0 left join users u1_0 on u1_0.user_id=c1_0.user_id left join user_role r1_0 on u1_0.user_id=r1_0.user_id left join roles r1_1 on r1_1.role_id=r1_0.role_id where c1_0.user_id=?
2024-12-28T20:52:12.137+05:30 DEBUG 1728 --- [sb-ecom] [           main] org.hibernate.SQL                        : select r1_0.user_id,r1_1.role_id,r1_1.role_name from user_role r1_0 join roles r1_1 on r1_1.role_id=r1_0.role_id where r1_0.user_id=?
2024-12-28T20:52:12.392+05:30 DEBUG 1728 --- [sb-ecom] [           main] o.s.orm.jpa.JpaTransactionManager        : Creating new transaction with name [org.springframework.data.jpa.repository.support.SimpleJpaRepository.save]: PROPAGATION_REQUIRED,ISOLATION_DEFAULT
2024-12-28T20:52:12.394+05:30 DEBUG 1728 --- [sb-ecom] [           main] o.s.orm.jpa.JpaTransactionManager        : Opened new EntityManager [SessionImpl(1232873082<open>)] for JPA transaction
2024-12-28T20:52:12.402+05:30 DEBUG 1728 --- [sb-ecom] [           main] o.s.orm.jpa.JpaTransactionManager        : Exposing JPA transaction as JDBC [org.springframework.orm.jpa.vendor.HibernateJpaDialect$HibernateConnectionHandle@722af653]
2024-12-28T20:52:12.430+05:30 DEBUG 1728 --- [sb-ecom] [           main] org.hibernate.SQL                        : select u1_0.user_id,c1_0.cart_id,c1_0.total_price,ci1_0.cart_id,ci1_0.cart_item_id,ci1_0.discount,p1_0.product_id,c2_0.category_id,c2_0.category_name,p1_0.description,p1_0.discount,p1_0.image,p1_0.price,p1_0.product_name,p1_0.quantity,p1_0.special_price,u2_0.user_id,u2_0.email,u2_0.password,u2_0.username,ci1_0.product_price,ci1_0.quantity,u1_0.email,u1_0.password,u1_0.username from users u1_0 left join carts c1_0 on u1_0.user_id=c1_0.user_id left join cart_items ci1_0 on c1_0.cart_id=ci1_0.cart_id left join products p1_0 on p1_0.product_id=ci1_0.product_id left join categories c2_0 on c2_0.category_id=p1_0.category_id left join users u2_0 on u2_0.user_id=p1_0.seller_id where u1_0.user_id=?
2024-12-28T20:52:12.681+05:30 DEBUG 1728 --- [sb-ecom] [           main] org.hibernate.SQL                        : select r1_0.user_id,r1_1.role_id,r1_1.role_name from user_role r1_0 join roles r1_1 on r1_1.role_id=r1_0.role_id where r1_0.user_id=?
2024-12-28T20:52:12.926+05:30 DEBUG 1728 --- [sb-ecom] [           main] org.hibernate.SQL                        : select p1_0.seller_id,p1_0.product_id,c1_0.category_id,c1_0.category_name,p1_0.description,p1_0.discount,p1_0.image,p1_0.price,p1_0.product_name,p1_0.quantity,p1_0.special_price,p2_0.product_id,p2_0.cart_item_id,c2_0.cart_id,c2_0.total_price,u2_0.user_id,u2_0.email,u2_0.password,u2_0.username,p2_0.discount,p2_0.product_price,p2_0.quantity from products p1_0 left join categories c1_0 on c1_0.category_id=p1_0.category_id left join cart_items p2_0 on p1_0.product_id=p2_0.product_id left join carts c2_0 on c2_0.cart_id=p2_0.cart_id left join users u2_0 on u2_0.user_id=c2_0.user_id where p1_0.seller_id=?
2024-12-28T20:52:13.230+05:30 DEBUG 1728 --- [sb-ecom] [           main] org.hibernate.SQL                        : select a1_0.user_id,a1_0.address_id,a1_0.building_name,a1_0.city,a1_0.country,a1_0.pincode,a1_0.state,a1_0.street from addresses a1_0 where a1_0.user_id=?
2024-12-28T20:52:13.556+05:30 DEBUG 1728 --- [sb-ecom] [           main] o.s.orm.jpa.JpaTransactionManager        : Initiating transaction commit
2024-12-28T20:52:13.557+05:30 DEBUG 1728 --- [sb-ecom] [           main] o.s.orm.jpa.JpaTransactionManager        : Committing JPA transaction on EntityManager [SessionImpl(1232873082<open>)]
2024-12-28T20:52:13.953+05:30 DEBUG 1728 --- [sb-ecom] [           main] o.s.orm.jpa.JpaTransactionManager        : Closing JPA EntityManager [SessionImpl(1232873082<open>)] after transaction
2024-12-28T20:52:13.954+05:30 DEBUG 1728 --- [sb-ecom] [           main] tor$SharedEntityManagerInvocationHandler : Creating new EntityManager for shared EntityManager invocation
2024-12-28T20:52:13.957+05:30 DEBUG 1728 --- [sb-ecom] [           main] org.hibernate.SQL                        : select u1_0.user_id,u1_0.email,u1_0.password,u1_0.username from users u1_0 where u1_0.username=?
2024-12-28T20:52:14.253+05:30 DEBUG 1728 --- [sb-ecom] [           main] org.hibernate.SQL                        : select c1_0.cart_id,c1_0.total_price,u1_0.user_id,u1_0.email,u1_0.password,r1_0.user_id,r1_1.role_id,r1_1.role_name,u1_0.username from carts c1_0 left join users u1_0 on u1_0.user_id=c1_0.user_id left join user_role r1_0 on u1_0.user_id=r1_0.user_id left join roles r1_1 on r1_1.role_id=r1_0.role_id where c1_0.user_id=?
2024-12-28T20:52:14.558+05:30 DEBUG 1728 --- [sb-ecom] [           main] org.hibernate.SQL                        : select r1_0.user_id,r1_1.role_id,r1_1.role_name from user_role r1_0 join roles r1_1 on r1_1.role_id=r1_0.role_id where r1_0.user_id=?
2024-12-28T20:52:14.867+05:30 DEBUG 1728 --- [sb-ecom] [           main] o.s.orm.jpa.JpaTransactionManager        : Creating new transaction with name [org.springframework.data.jpa.repository.support.SimpleJpaRepository.save]: PROPAGATION_REQUIRED,ISOLATION_DEFAULT
2024-12-28T20:52:14.867+05:30 DEBUG 1728 --- [sb-ecom] [           main] o.s.orm.jpa.JpaTransactionManager        : Opened new EntityManager [SessionImpl(460877216<open>)] for JPA transaction
2024-12-28T20:52:14.867+05:30 DEBUG 1728 --- [sb-ecom] [           main] o.s.orm.jpa.JpaTransactionManager        : Exposing JPA transaction as JDBC [org.springframework.orm.jpa.vendor.HibernateJpaDialect$HibernateConnectionHandle@7c453a1f]
2024-12-28T20:52:14.868+05:30 DEBUG 1728 --- [sb-ecom] [           main] org.hibernate.SQL                        : select u1_0.user_id,c1_0.cart_id,c1_0.total_price,ci1_0.cart_id,ci1_0.cart_item_id,ci1_0.discount,p1_0.product_id,c2_0.category_id,c2_0.category_name,p1_0.description,p1_0.discount,p1_0.image,p1_0.price,p1_0.product_name,p1_0.quantity,p1_0.special_price,u2_0.user_id,u2_0.email,u2_0.password,u2_0.username,ci1_0.product_price,ci1_0.quantity,u1_0.email,u1_0.password,u1_0.username from users u1_0 left join carts c1_0 on u1_0.user_id=c1_0.user_id left join cart_items ci1_0 on c1_0.cart_id=ci1_0.cart_id left join products p1_0 on p1_0.product_id=ci1_0.product_id left join categories c2_0 on c2_0.category_id=p1_0.category_id left join users u2_0 on u2_0.user_id=p1_0.seller_id where u1_0.user_id=?
2024-12-28T20:52:15.177+05:30 DEBUG 1728 --- [sb-ecom] [           main] org.hibernate.SQL                        : select r1_0.user_id,r1_1.role_id,r1_1.role_name from user_role r1_0 join roles r1_1 on r1_1.role_id=r1_0.role_id where r1_0.user_id=?
2024-12-28T20:52:15.481+05:30 DEBUG 1728 --- [sb-ecom] [           main] org.hibernate.SQL                        : select p1_0.seller_id,p1_0.product_id,c1_0.category_id,c1_0.category_name,p1_0.description,p1_0.discount,p1_0.image,p1_0.price,p1_0.product_name,p1_0.quantity,p1_0.special_price,p2_0.product_id,p2_0.cart_item_id,c2_0.cart_id,c2_0.total_price,u2_0.user_id,u2_0.email,u2_0.password,u2_0.username,p2_0.discount,p2_0.product_price,p2_0.quantity from products p1_0 left join categories c1_0 on c1_0.category_id=p1_0.category_id left join cart_items p2_0 on p1_0.product_id=p2_0.product_id left join carts c2_0 on c2_0.cart_id=p2_0.cart_id left join users u2_0 on u2_0.user_id=c2_0.user_id where p1_0.seller_id=?
2024-12-28T20:52:15.792+05:30 DEBUG 1728 --- [sb-ecom] [           main] org.hibernate.SQL                        : select a1_0.user_id,a1_0.address_id,a1_0.building_name,a1_0.city,a1_0.country,a1_0.pincode,a1_0.state,a1_0.street from addresses a1_0 where a1_0.user_id=?
2024-12-28T20:52:16.066+05:30 DEBUG 1728 --- [sb-ecom] [           main] o.s.orm.jpa.JpaTransactionManager        : Initiating transaction commit
2024-12-28T20:52:16.066+05:30 DEBUG 1728 --- [sb-ecom] [           main] o.s.orm.jpa.JpaTransactionManager        : Committing JPA transaction on EntityManager [SessionImpl(460877216<open>)]
2024-12-28T20:52:16.401+05:30 DEBUG 1728 --- [sb-ecom] [           main] o.s.orm.jpa.JpaTransactionManager        : Closing JPA EntityManager [SessionImpl(460877216<open>)] after transaction
2024-12-28T20:52:16.402+05:30 DEBUG 1728 --- [sb-ecom] [           main] tor$SharedEntityManagerInvocationHandler : Creating new EntityManager for shared EntityManager invocation
2024-12-28T20:52:16.404+05:30 DEBUG 1728 --- [sb-ecom] [           main] org.hibernate.SQL                        : select u1_0.user_id,u1_0.email,u1_0.password,u1_0.username from users u1_0 where u1_0.username=?
2024-12-28T20:52:16.711+05:30 DEBUG 1728 --- [sb-ecom] [           main] org.hibernate.SQL                        : select c1_0.cart_id,c1_0.total_price,u1_0.user_id,u1_0.email,u1_0.password,r1_0.user_id,r1_1.role_id,r1_1.role_name,u1_0.username from carts c1_0 left join users u1_0 on u1_0.user_id=c1_0.user_id left join user_role r1_0 on u1_0.user_id=r1_0.user_id left join roles r1_1 on r1_1.role_id=r1_0.role_id where c1_0.user_id=?
2024-12-28T20:52:17.015+05:30 DEBUG 1728 --- [sb-ecom] [           main] org.hibernate.SQL                        : select r1_0.user_id,r1_1.role_id,r1_1.role_name from user_role r1_0 join roles r1_1 on r1_1.role_id=r1_0.role_id where r1_0.user_id=?
2024-12-28T20:52:17.278+05:30 DEBUG 1728 --- [sb-ecom] [           main] o.s.orm.jpa.JpaTransactionManager        : Creating new transaction with name [org.springframework.data.jpa.repository.support.SimpleJpaRepository.save]: PROPAGATION_REQUIRED,ISOLATION_DEFAULT
2024-12-28T20:52:17.279+05:30 DEBUG 1728 --- [sb-ecom] [           main] o.s.orm.jpa.JpaTransactionManager        : Opened new EntityManager [SessionImpl(238148034<open>)] for JPA transaction
2024-12-28T20:52:17.279+05:30 DEBUG 1728 --- [sb-ecom] [           main] o.s.orm.jpa.JpaTransactionManager        : Exposing JPA transaction as JDBC [org.springframework.orm.jpa.vendor.HibernateJpaDialect$HibernateConnectionHandle@10e5c13c]
2024-12-28T20:52:17.280+05:30 DEBUG 1728 --- [sb-ecom] [           main] org.hibernate.SQL                        : select u1_0.user_id,c1_0.cart_id,c1_0.total_price,ci1_0.cart_id,ci1_0.cart_item_id,ci1_0.discount,p1_0.product_id,c2_0.category_id,c2_0.category_name,p1_0.description,p1_0.discount,p1_0.image,p1_0.price,p1_0.product_name,p1_0.quantity,p1_0.special_price,u2_0.user_id,u2_0.email,u2_0.password,u2_0.username,ci1_0.product_price,ci1_0.quantity,u1_0.email,u1_0.password,u1_0.username from users u1_0 left join carts c1_0 on u1_0.user_id=c1_0.user_id left join cart_items ci1_0 on c1_0.cart_id=ci1_0.cart_id left join products p1_0 on p1_0.product_id=ci1_0.product_id left join categories c2_0 on c2_0.category_id=p1_0.category_id left join users u2_0 on u2_0.user_id=p1_0.seller_id where u1_0.user_id=?
2024-12-28T20:52:17.551+05:30 DEBUG 1728 --- [sb-ecom] [           main] org.hibernate.SQL                        : select r1_0.user_id,r1_1.role_id,r1_1.role_name from user_role r1_0 join roles r1_1 on r1_1.role_id=r1_0.role_id where r1_0.user_id=?
2024-12-28T20:52:17.810+05:30 DEBUG 1728 --- [sb-ecom] [           main] org.hibernate.SQL                        : select p1_0.seller_id,p1_0.product_id,c1_0.category_id,c1_0.category_name,p1_0.description,p1_0.discount,p1_0.image,p1_0.price,p1_0.product_name,p1_0.quantity,p1_0.special_price,p2_0.product_id,p2_0.cart_item_id,c2_0.cart_id,c2_0.total_price,u2_0.user_id,u2_0.email,u2_0.password,u2_0.username,p2_0.discount,p2_0.product_price,p2_0.quantity from products p1_0 left join categories c1_0 on c1_0.category_id=p1_0.category_id left join cart_items p2_0 on p1_0.product_id=p2_0.product_id left join carts c2_0 on c2_0.cart_id=p2_0.cart_id left join users u2_0 on u2_0.user_id=c2_0.user_id where p1_0.seller_id=?
2024-12-28T20:52:18.057+05:30 DEBUG 1728 --- [sb-ecom] [           main] org.hibernate.SQL                        : select a1_0.user_id,a1_0.address_id,a1_0.building_name,a1_0.city,a1_0.country,a1_0.pincode,a1_0.state,a1_0.street from addresses a1_0 where a1_0.user_id=?
2024-12-28T20:52:18.303+05:30 DEBUG 1728 --- [sb-ecom] [           main] o.s.orm.jpa.JpaTransactionManager        : Initiating transaction commit
2024-12-28T20:52:18.304+05:30 DEBUG 1728 --- [sb-ecom] [           main] o.s.orm.jpa.JpaTransactionManager        : Committing JPA transaction on EntityManager [SessionImpl(238148034<open>)]
2024-12-28T20:52:18.544+05:30 DEBUG 1728 --- [sb-ecom] [           main] o.s.orm.jpa.JpaTransactionManager        : Closing JPA EntityManager [SessionImpl(238148034<open>)] after transaction
2024-12-28T20:52:18.546+05:30 DEBUG 1728 --- [sb-ecom] [           main] o.s.b.a.ApplicationAvailabilityBean      : Application availability state ReadinessState changed to ACCEPTING_TRAFFIC
2024-12-28T20:52:18.553+05:30 DEBUG 1728 --- [sb-ecom] [           main] org.springframework.test.context.cache   : Spring test ApplicationContext cache statistics: [DefaultContextCache@134c329a size = 1, maxSize = 32, parentContextCount = 0, hitCount = 0, missCount = 1, failureCount = 0]
2024-12-28T20:52:18.553+05:30 DEBUG 1728 --- [sb-ecom] [           main] o.s.t.c.w.ServletTestExecutionListener   : Setting up MockHttpServletRequest, MockHttpServletResponse, ServletWebRequest, and RequestContextHolder for test class com.ecommerce.project.SbEcomApplicationTests
2024-12-28T20:52:18.584+05:30 DEBUG 1728 --- [sb-ecom] [           main] DependencyInjectionTestExecutionListener : Performing dependency injection for test class com.ecommerce.project.SbEcomApplicationTests
2024-12-28T20:52:18.584+05:30 DEBUG 1728 --- [sb-ecom] [           main] org.springframework.test.context.cache   : Spring test ApplicationContext cache statistics: [DefaultContextCache@134c329a size = 1, maxSize = 32, parentContextCount = 0, hitCount = 1, missCount = 1, failureCount = 0]
2024-12-28T20:52:18.586+05:30 DEBUG 1728 --- [sb-ecom] [           main] org.springframework.test.context.cache   : Spring test ApplicationContext cache statistics: [DefaultContextCache@134c329a size = 1, maxSize = 32, parentContextCount = 0, hitCount = 2, missCount = 1, failureCount = 0]
2024-12-28T20:52:18.599+05:30 DEBUG 1728 --- [sb-ecom] [           main] sContextBeforeModesTestExecutionListener : Before test method: class [SbEcomApplicationTests], method [contextLoads], class annotated with @DirtiesContext [false] with mode [null], method annotated with @DirtiesContext [false] with mode [null]
2024-12-28T20:52:18.602+05:30 DEBUG 1728 --- [sb-ecom] [           main] org.springframework.test.context.cache   : Spring test ApplicationContext cache statistics: [DefaultContextCache@134c329a size = 1, maxSize = 32, parentContextCount = 0, hitCount = 3, missCount = 1, failureCount = 0]
2024-12-28T20:52:18.603+05:30 DEBUG 1728 --- [sb-ecom] [           main] org.springframework.test.context.cache   : Spring test ApplicationContext cache statistics: [DefaultContextCache@134c329a size = 1, maxSize = 32, parentContextCount = 0, hitCount = 4, missCount = 1, failureCount = 0]
2024-12-28T20:52:19.506+05:30 DEBUG 1728 --- [sb-ecom] [           main] org.springframework.test.context.cache   : Spring test ApplicationContext cache statistics: [DefaultContextCache@134c329a size = 1, maxSize = 32, parentContextCount = 0, hitCount = 5, missCount = 1, failureCount = 0]
2024-12-28T20:52:19.515+05:30 DEBUG 1728 --- [sb-ecom] [           main] org.springframework.test.context.cache   : Spring test ApplicationContext cache statistics: [DefaultContextCache@134c329a size = 1, maxSize = 32, parentContextCount = 0, hitCount = 6, missCount = 1, failureCount = 0]
2024-12-28T20:52:19.528+05:30 DEBUG 1728 --- [sb-ecom] [           main] org.springframework.test.context.cache   : Spring test ApplicationContext cache statistics: [DefaultContextCache@134c329a size = 1, maxSize = 32, parentContextCount = 0, hitCount = 7, missCount = 1, failureCount = 0]
2024-12-28T20:52:19.528+05:30 DEBUG 1728 --- [sb-ecom] [           main] org.springframework.test.context.cache   : Spring test ApplicationContext cache statistics: [DefaultContextCache@134c329a size = 1, maxSize = 32, parentContextCount = 0, hitCount = 8, missCount = 1, failureCount = 0]
2024-12-28T20:52:19.532+05:30 DEBUG 1728 --- [sb-ecom] [           main] org.springframework.test.context.cache   : Spring test ApplicationContext cache statistics: [DefaultContextCache@134c329a size = 1, maxSize = 32, parentContextCount = 0, hitCount = 9, missCount = 1, failureCount = 0]
2024-12-28T20:52:19.532+05:30 DEBUG 1728 --- [sb-ecom] [           main] org.springframework.test.context.cache   : Spring test ApplicationContext cache statistics: [DefaultContextCache@134c329a size = 1, maxSize = 32, parentContextCount = 0, hitCount = 10, missCount = 1, failureCount = 0]
2024-12-28T20:52:19.533+05:30 DEBUG 1728 --- [sb-ecom] [           main] org.springframework.test.context.cache   : Spring test ApplicationContext cache statistics: [DefaultContextCache@134c329a size = 1, maxSize = 32, parentContextCount = 0, hitCount = 11, missCount = 1, failureCount = 0]
2024-12-28T20:52:19.536+05:30 DEBUG 1728 --- [sb-ecom] [           main] org.springframework.test.context.cache   : Spring test ApplicationContext cache statistics: [DefaultContextCache@134c329a size = 1, maxSize = 32, parentContextCount = 0, hitCount = 12, missCount = 1, failureCount = 0]
2024-12-28T20:52:19.538+05:30 DEBUG 1728 --- [sb-ecom] [           main] org.springframework.test.context.cache   : Spring test ApplicationContext cache statistics: [DefaultContextCache@134c329a size = 1, maxSize = 32, parentContextCount = 0, hitCount = 13, missCount = 1, failureCount = 0]
2024-12-28T20:52:19.540+05:30 DEBUG 1728 --- [sb-ecom] [           main] org.springframework.test.context.cache   : Spring test ApplicationContext cache statistics: [DefaultContextCache@134c329a size = 1, maxSize = 32, parentContextCount = 0, hitCount = 14, missCount = 1, failureCount = 0]
2024-12-28T20:52:19.542+05:30 DEBUG 1728 --- [sb-ecom] [           main] .c.s.DirtiesContextTestExecutionListener : After test method: class [SbEcomApplicationTests], method [contextLoads], class annotated with @DirtiesContext [false] with mode [null], method annotated with @DirtiesContext [false] with mode [null]
2024-12-28T20:52:19.542+05:30 DEBUG 1728 --- [sb-ecom] [           main] o.s.t.c.w.ServletTestExecutionListener   : Resetting RequestContextHolder for test class com.ecommerce.project.SbEcomApplicationTests
]]></system-out>
    <system-err><![CDATA[Mockito is currently self-attaching to enable the inline-mock-maker. This will no longer work in future releases of the JDK. Please add Mockito as an agent to your build what is described in Mockito's documentation: https://javadoc.io/doc/org.mockito/mockito-core/latest/org/mockito/Mockito.html#0.3
WARNING: A Java agent has been loaded dynamically (C:\Users\Rujul\.m2\repository\net\bytebuddy\byte-buddy-agent\1.15.11\byte-buddy-agent-1.15.11.jar)
WARNING: If a serviceability tool is in use, please run with -XX:+EnableDynamicAgentLoading to hide this warning
WARNING: If a serviceability tool is not in use, please run with -Djdk.instrument.traceUsage for more information
WARNING: Dynamic loading of agents will be disallowed by default in a future release
]]></system-err>
  </testcase>
</testsuite>